{"$message_type":"diagnostic","message":"could not parse the format string: unknown display hint: \"?\"","code":null,"level":"error","spans":[{"file_name":"src/process-monitor.rs","byte_start":2482,"byte_end":2521,"line_start":100,"line_end":100,"column_start":9,"column_end":48,"is_primary":true,"text":[{"text":"        \"Process exec: PID {} PPID {} CMD {:?}\",","highlight_start":9,"highlight_end":48}],"label":null,"suggested_replacement":null,"suggestion_applicability":null,"expansion":null}],"children":[],"rendered":"\u001b[1m\u001b[91merror\u001b[0m\u001b[1m: could not parse the format string: unknown display hint: \"?\"\u001b[0m\n   \u001b[1m\u001b[94m--> \u001b[0msrc/process-monitor.rs:100:9\n    \u001b[1m\u001b[94m|\u001b[0m\n\u001b[1m\u001b[94m100\u001b[0m \u001b[1m\u001b[94m|\u001b[0m         \"Process exec: PID {} PPID {} CMD {:?}\",\n    \u001b[1m\u001b[94m|\u001b[0m         \u001b[1m\u001b[91m^^^^^^^^^^^^^^^^^^^^^^^^^^^^^^^^^^^^^^^\u001b[0m\n\n"}
{"$message_type":"diagnostic","message":"could not parse the format string: unknown display hint: \"?\"","code":null,"level":"error","spans":[{"file_name":"src/process-monitor.rs","byte_start":3677,"byte_end":3708,"line_start":148,"line_end":148,"column_start":17,"column_end":48,"is_primary":true,"text":[{"text":"    info!(&ctx, \"Process exit: PID {} CMD {:?}\", pid, unsafe {","highlight_start":17,"highlight_end":48}],"label":null,"suggested_replacement":null,"suggestion_applicability":null,"expansion":null}],"children":[],"rendered":"\u001b[1m\u001b[91merror\u001b[0m\u001b[1m: could not parse the format string: unknown display hint: \"?\"\u001b[0m\n   \u001b[1m\u001b[94m--> \u001b[0msrc/process-monitor.rs:148:17\n    \u001b[1m\u001b[94m|\u001b[0m\n\u001b[1m\u001b[94m148\u001b[0m \u001b[1m\u001b[94m|\u001b[0m     info!(&ctx, \"Process exit: PID {} CMD {:?}\", pid, unsafe {\n    \u001b[1m\u001b[94m|\u001b[0m                 \u001b[1m\u001b[91m^^^^^^^^^^^^^^^^^^^^^^^^^^^^^^^\u001b[0m\n\n"}
{"$message_type":"diagnostic","message":"unresolved import `aya_ebpf::BpfContext`","code":{"code":"E0432","explanation":"An import was unresolved.\n\nErroneous code example:\n\n```compile_fail,E0432\nuse something::Foo; // error: unresolved import `something::Foo`.\n```\n\nIn Rust 2015, paths in `use` statements are relative to the crate root. To\nimport items relative to the current and parent modules, use the `self::` and\n`super::` prefixes, respectively.\n\nIn Rust 2018 or later, paths in `use` statements are relative to the current\nmodule unless they begin with the name of a crate or a literal `crate::`, in\nwhich case they start from the crate root. As in Rust 2015 code, the `self::`\nand `super::` prefixes refer to the current and parent modules respectively.\n\nAlso verify that you didn't misspell the import name and that the import exists\nin the module from where you tried to import it. Example:\n\n```\nuse self::something::Foo; // Ok.\n\nmod something {\n    pub struct Foo;\n}\n# fn main() {}\n```\n\nIf you tried to use a module from an external crate and are using Rust 2015,\nyou may have missed the `extern crate` declaration (which is usually placed in\nthe crate root):\n\n```edition2015\nextern crate core; // Required to use the `core` crate in Rust 2015.\n\nuse core::any;\n# fn main() {}\n```\n\nSince Rust 2018 the `extern crate` declaration is not required and\nyou can instead just `use` it:\n\n```edition2018\nuse core::any; // No extern crate required in Rust 2018.\n# fn main() {}\n```\n"},"level":"error","spans":[{"file_name":"src/process-monitor.rs","byte_start":127,"byte_end":137,"line_start":8,"line_end":8,"column_start":5,"column_end":15,"is_primary":true,"text":[{"text":"    BpfContext,","highlight_start":5,"highlight_end":15}],"label":"no `BpfContext` in the root","suggested_replacement":null,"suggestion_applicability":null,"expansion":null}],"children":[{"message":"a similar name exists in the module","code":null,"level":"help","spans":[{"file_name":"src/process-monitor.rs","byte_start":127,"byte_end":137,"line_start":8,"line_end":8,"column_start":5,"column_end":15,"is_primary":true,"text":[{"text":"    BpfContext,","highlight_start":5,"highlight_end":15}],"label":null,"suggested_replacement":"EbpfContext","suggestion_applicability":"MaybeIncorrect","expansion":null}],"children":[],"rendered":null}],"rendered":"\u001b[1m\u001b[91merror[E0432]\u001b[0m\u001b[1m: unresolved import `aya_ebpf::BpfContext`\u001b[0m\n \u001b[1m\u001b[94m--> \u001b[0msrc/process-monitor.rs:8:5\n  \u001b[1m\u001b[94m|\u001b[0m\n\u001b[1m\u001b[94m8\u001b[0m \u001b[1m\u001b[94m|\u001b[0m     BpfContext,\n  \u001b[1m\u001b[94m|\u001b[0m     \u001b[1m\u001b[91m^^^^^^^^^^\u001b[0m\n  \u001b[1m\u001b[94m|\u001b[0m     \u001b[1m\u001b[91m|\u001b[0m\n  \u001b[1m\u001b[94m|\u001b[0m     \u001b[1m\u001b[91mno `BpfContext` in the root\u001b[0m\n  \u001b[1m\u001b[94m|\u001b[0m     \u001b[1m\u001b[91mhelp: a similar name exists in the module: `EbpfContext`\u001b[0m\n\n"}
{"$message_type":"diagnostic","message":"unwinding panics are not supported without std","code":null,"level":"error","spans":[],"children":[{"message":"using nightly cargo, use -Zbuild-std with panic=\"abort\" to avoid unwinding","code":null,"level":"help","spans":[],"children":[],"rendered":null},{"message":"since the core library is usually precompiled with panic=\"unwind\", rebuilding your crate with panic=\"abort\" may not be enough to fix the problem","code":null,"level":"note","spans":[],"children":[],"rendered":null}],"rendered":"\u001b[1m\u001b[91merror\u001b[0m\u001b[1m: unwinding panics are not supported without std\u001b[0m\n  \u001b[1m\u001b[94m|\u001b[0m\n  \u001b[1m\u001b[94m= \u001b[0m\u001b[1mhelp\u001b[0m: using nightly cargo, use -Zbuild-std with panic=\"abort\" to avoid unwinding\n  \u001b[1m\u001b[94m= \u001b[0m\u001b[1mnote\u001b[0m: since the core library is usually precompiled with panic=\"unwind\", rebuilding your crate with panic=\"abort\" may not be enough to fix the problem\n\n"}
{"$message_type":"diagnostic","message":"use of deprecated function `aya_ebpf::helpers::bpf_probe_read_user_str`: Use `bpf_probe_read_user_str_bytes` instead","code":{"code":"deprecated","explanation":null},"level":"warning","spans":[{"file_name":"src/process-monitor.rs","byte_start":1959,"byte_end":1982,"line_start":80,"line_end":80,"column_start":36,"column_end":59,"is_primary":true,"text":[{"text":"                aya_ebpf::helpers::bpf_probe_read_user_str(","highlight_start":36,"highlight_end":59}],"label":null,"suggested_replacement":null,"suggestion_applicability":null,"expansion":null}],"children":[{"message":"`#[warn(deprecated)]` on by default","code":null,"level":"note","spans":[],"children":[],"rendered":null}],"rendered":"\u001b[1m\u001b[33mwarning\u001b[0m\u001b[1m: use of deprecated function `aya_ebpf::helpers::bpf_probe_read_user_str`: Use `bpf_probe_read_user_str_bytes` instead\u001b[0m\n  \u001b[1m\u001b[94m--> \u001b[0msrc/process-monitor.rs:80:36\n   \u001b[1m\u001b[94m|\u001b[0m\n\u001b[1m\u001b[94m80\u001b[0m \u001b[1m\u001b[94m|\u001b[0m                 aya_ebpf::helpers::bpf_probe_read_user_str(\n   \u001b[1m\u001b[94m|\u001b[0m                                    \u001b[1m\u001b[33m^^^^^^^^^^^^^^^^^^^^^^^\u001b[0m\n   \u001b[1m\u001b[94m|\u001b[0m\n   \u001b[1m\u001b[94m= \u001b[0m\u001b[1mnote\u001b[0m: `#[warn(deprecated)]` on by default\n\n"}
{"$message_type":"diagnostic","message":"no method named `pid` found for struct `TracePointContext` in the current scope","code":{"code":"E0599","explanation":"This error occurs when a method is used on a type which doesn't implement it:\n\nErroneous code example:\n\n```compile_fail,E0599\nstruct Mouth;\n\nlet x = Mouth;\nx.chocolate(); // error: no method named `chocolate` found for type `Mouth`\n               //        in the current scope\n```\n\nIn this case, you need to implement the `chocolate` method to fix the error:\n\n```\nstruct Mouth;\n\nimpl Mouth {\n    fn chocolate(&self) { // We implement the `chocolate` method here.\n        println!(\"Hmmm! I love chocolate!\");\n    }\n}\n\nlet x = Mouth;\nx.chocolate(); // ok!\n```\n"},"level":"error","spans":[{"file_name":"/home/shift/.cargo/registry/src/index.crates.io-1949cf8c6b5b557f/aya-ebpf-0.1.1/src/lib.rs","byte_start":1326,"byte_end":1329,"line_start":48,"line_end":48,"column_start":8,"column_end":11,"is_primary":false,"text":[{"text":"    fn pid(&self) -> u32 {","highlight_start":8,"highlight_end":11}],"label":"the method is available for `TracePointContext` here","suggested_replacement":null,"suggestion_applicability":null,"expansion":null},{"file_name":"src/process-monitor.rs","byte_start":820,"byte_end":823,"line_start":38,"line_end":38,"column_start":19,"column_end":22,"is_primary":true,"text":[{"text":"    let pid = ctx.pid();","highlight_start":19,"highlight_end":22}],"label":null,"suggested_replacement":null,"suggestion_applicability":null,"expansion":null}],"children":[{"message":"items from traits can only be used if the trait is in scope","code":null,"level":"help","spans":[],"children":[],"rendered":null},{"message":"trait `EbpfContext` which provides `pid` is implemented but not in scope; perhaps you want to import it","code":null,"level":"help","spans":[{"file_name":"src/process-monitor.rs","byte_start":24,"byte_end":24,"line_start":4,"line_end":4,"column_start":1,"column_end":1,"is_primary":true,"text":[{"text":"use aya_ebpf::{","highlight_start":1,"highlight_end":1}],"label":null,"suggested_replacement":"use aya_ebpf::EbpfContext;\n","suggestion_applicability":"MaybeIncorrect","expansion":null}],"children":[],"rendered":null},{"message":"there is a method `gid` with a similar name","code":null,"level":"help","spans":[{"file_name":"src/process-monitor.rs","byte_start":820,"byte_end":823,"line_start":38,"line_end":38,"column_start":19,"column_end":22,"is_primary":true,"text":[{"text":"    let pid = ctx.pid();","highlight_start":19,"highlight_end":22}],"label":null,"suggested_replacement":"gid","suggestion_applicability":"MaybeIncorrect","expansion":null}],"children":[],"rendered":null}],"rendered":"\u001b[1m\u001b[91merror[E0599]\u001b[0m\u001b[1m: no method named `pid` found for struct `TracePointContext` in the current scope\u001b[0m\n  \u001b[1m\u001b[94m--> \u001b[0msrc/process-monitor.rs:38:19\n   \u001b[1m\u001b[94m|\u001b[0m\n\u001b[1m\u001b[94m38\u001b[0m \u001b[1m\u001b[94m|\u001b[0m     let pid = ctx.pid();\n   \u001b[1m\u001b[94m|\u001b[0m                   \u001b[1m\u001b[91m^^^\u001b[0m\n   \u001b[1m\u001b[94m|\u001b[0m\n  \u001b[1m\u001b[94m::: \u001b[0m/home/shift/.cargo/registry/src/index.crates.io-1949cf8c6b5b557f/aya-ebpf-0.1.1/src/lib.rs:48:8\n   \u001b[1m\u001b[94m|\u001b[0m\n\u001b[1m\u001b[94m48\u001b[0m \u001b[1m\u001b[94m|\u001b[0m     fn pid(&self) -> u32 {\n   \u001b[1m\u001b[94m|\u001b[0m        \u001b[1m\u001b[94m---\u001b[0m \u001b[1m\u001b[94mthe method is available for `TracePointContext` here\u001b[0m\n   \u001b[1m\u001b[94m|\u001b[0m\n   \u001b[1m\u001b[94m= \u001b[0m\u001b[1mhelp\u001b[0m: items from traits can only be used if the trait is in scope\n\u001b[1m\u001b[96mhelp\u001b[0m: trait `EbpfContext` which provides `pid` is implemented but not in scope; perhaps you want to import it\n   \u001b[1m\u001b[94m|\u001b[0m\n \u001b[1m\u001b[94m4\u001b[0m \u001b[92m+ use aya_ebpf::EbpfContext;\u001b[0m\n   \u001b[1m\u001b[94m|\u001b[0m\n\u001b[1m\u001b[96mhelp\u001b[0m: there is a method `gid` with a similar name\n   \u001b[1m\u001b[94m|\u001b[0m\n\u001b[1m\u001b[94m38\u001b[0m \u001b[91m- \u001b[0m    let pid = ctx.\u001b[91mpid\u001b[0m();\n\u001b[1m\u001b[94m38\u001b[0m \u001b[92m+ \u001b[0m    let pid = ctx.\u001b[92mgid\u001b[0m();\n   \u001b[1m\u001b[94m|\u001b[0m\n\n"}
{"$message_type":"diagnostic","message":"no method named `uid` found for struct `TracePointContext` in the current scope","code":{"code":"E0599","explanation":"This error occurs when a method is used on a type which doesn't implement it:\n\nErroneous code example:\n\n```compile_fail,E0599\nstruct Mouth;\n\nlet x = Mouth;\nx.chocolate(); // error: no method named `chocolate` found for type `Mouth`\n               //        in the current scope\n```\n\nIn this case, you need to implement the `chocolate` method to fix the error:\n\n```\nstruct Mouth;\n\nimpl Mouth {\n    fn chocolate(&self) { // We implement the `chocolate` method here.\n        println!(\"Hmmm! I love chocolate!\");\n    }\n}\n\nlet x = Mouth;\nx.chocolate(); // ok!\n```\n"},"level":"error","spans":[{"file_name":"/home/shift/.cargo/registry/src/index.crates.io-1949cf8c6b5b557f/aya-ebpf-0.1.1/src/lib.rs","byte_start":1487,"byte_end":1490,"line_start":56,"line_end":56,"column_start":8,"column_end":11,"is_primary":false,"text":[{"text":"    fn uid(&self) -> u32 {","highlight_start":8,"highlight_end":11}],"label":"the method is available for `TracePointContext` here","suggested_replacement":null,"suggestion_applicability":null,"expansion":null},{"file_name":"src/process-monitor.rs","byte_start":845,"byte_end":848,"line_start":39,"line_end":39,"column_start":19,"column_end":22,"is_primary":true,"text":[{"text":"    let uid = ctx.uid();","highlight_start":19,"highlight_end":22}],"label":null,"suggested_replacement":null,"suggestion_applicability":null,"expansion":null}],"children":[{"message":"items from traits can only be used if the trait is in scope","code":null,"level":"help","spans":[],"children":[],"rendered":null},{"message":"trait `EbpfContext` which provides `uid` is implemented but not in scope; perhaps you want to import it","code":null,"level":"help","spans":[{"file_name":"src/process-monitor.rs","byte_start":24,"byte_end":24,"line_start":4,"line_end":4,"column_start":1,"column_end":1,"is_primary":true,"text":[{"text":"use aya_ebpf::{","highlight_start":1,"highlight_end":1}],"label":null,"suggested_replacement":"use aya_ebpf::EbpfContext;\n","suggestion_applicability":"MaybeIncorrect","expansion":null}],"children":[],"rendered":null},{"message":"there is a method `gid` with a similar name","code":null,"level":"help","spans":[{"file_name":"src/process-monitor.rs","byte_start":845,"byte_end":848,"line_start":39,"line_end":39,"column_start":19,"column_end":22,"is_primary":true,"text":[{"text":"    let uid = ctx.uid();","highlight_start":19,"highlight_end":22}],"label":null,"suggested_replacement":"gid","suggestion_applicability":"MaybeIncorrect","expansion":null}],"children":[],"rendered":null}],"rendered":"\u001b[1m\u001b[91merror[E0599]\u001b[0m\u001b[1m: no method named `uid` found for struct `TracePointContext` in the current scope\u001b[0m\n  \u001b[1m\u001b[94m--> \u001b[0msrc/process-monitor.rs:39:19\n   \u001b[1m\u001b[94m|\u001b[0m\n\u001b[1m\u001b[94m39\u001b[0m \u001b[1m\u001b[94m|\u001b[0m     let uid = ctx.uid();\n   \u001b[1m\u001b[94m|\u001b[0m                   \u001b[1m\u001b[91m^^^\u001b[0m\n   \u001b[1m\u001b[94m|\u001b[0m\n  \u001b[1m\u001b[94m::: \u001b[0m/home/shift/.cargo/registry/src/index.crates.io-1949cf8c6b5b557f/aya-ebpf-0.1.1/src/lib.rs:56:8\n   \u001b[1m\u001b[94m|\u001b[0m\n\u001b[1m\u001b[94m56\u001b[0m \u001b[1m\u001b[94m|\u001b[0m     fn uid(&self) -> u32 {\n   \u001b[1m\u001b[94m|\u001b[0m        \u001b[1m\u001b[94m---\u001b[0m \u001b[1m\u001b[94mthe method is available for `TracePointContext` here\u001b[0m\n   \u001b[1m\u001b[94m|\u001b[0m\n   \u001b[1m\u001b[94m= \u001b[0m\u001b[1mhelp\u001b[0m: items from traits can only be used if the trait is in scope\n\u001b[1m\u001b[96mhelp\u001b[0m: trait `EbpfContext` which provides `uid` is implemented but not in scope; perhaps you want to import it\n   \u001b[1m\u001b[94m|\u001b[0m\n \u001b[1m\u001b[94m4\u001b[0m \u001b[92m+ use aya_ebpf::EbpfContext;\u001b[0m\n   \u001b[1m\u001b[94m|\u001b[0m\n\u001b[1m\u001b[96mhelp\u001b[0m: there is a method `gid` with a similar name\n   \u001b[1m\u001b[94m|\u001b[0m\n\u001b[1m\u001b[94m39\u001b[0m \u001b[91m- \u001b[0m    let uid = ctx.\u001b[91muid\u001b[0m();\n\u001b[1m\u001b[94m39\u001b[0m \u001b[92m+ \u001b[0m    let uid = ctx.\u001b[92mgid\u001b[0m();\n   \u001b[1m\u001b[94m|\u001b[0m\n\n"}
{"$message_type":"diagnostic","message":"no method named `gid` found for struct `TracePointContext` in the current scope","code":{"code":"E0599","explanation":"This error occurs when a method is used on a type which doesn't implement it:\n\nErroneous code example:\n\n```compile_fail,E0599\nstruct Mouth;\n\nlet x = Mouth;\nx.chocolate(); // error: no method named `chocolate` found for type `Mouth`\n               //        in the current scope\n```\n\nIn this case, you need to implement the `chocolate` method to fix the error:\n\n```\nstruct Mouth;\n\nimpl Mouth {\n    fn chocolate(&self) { // We implement the `chocolate` method here.\n        println!(\"Hmmm! I love chocolate!\");\n    }\n}\n\nlet x = Mouth;\nx.chocolate(); // ok!\n```\n"},"level":"error","spans":[{"file_name":"/home/shift/.cargo/registry/src/index.crates.io-1949cf8c6b5b557f/aya-ebpf-0.1.1/src/lib.rs","byte_start":1562,"byte_end":1565,"line_start":60,"line_end":60,"column_start":8,"column_end":11,"is_primary":false,"text":[{"text":"    fn gid(&self) -> u32 {","highlight_start":8,"highlight_end":11}],"label":"the method is available for `TracePointContext` here","suggested_replacement":null,"suggestion_applicability":null,"expansion":null},{"file_name":"src/process-monitor.rs","byte_start":870,"byte_end":873,"line_start":40,"line_end":40,"column_start":19,"column_end":22,"is_primary":true,"text":[{"text":"    let gid = ctx.gid();","highlight_start":19,"highlight_end":22}],"label":null,"suggested_replacement":null,"suggestion_applicability":null,"expansion":null}],"children":[{"message":"items from traits can only be used if the trait is in scope","code":null,"level":"help","spans":[],"children":[],"rendered":null},{"message":"trait `EbpfContext` which provides `gid` is implemented but not in scope; perhaps you want to import it","code":null,"level":"help","spans":[{"file_name":"src/process-monitor.rs","byte_start":24,"byte_end":24,"line_start":4,"line_end":4,"column_start":1,"column_end":1,"is_primary":true,"text":[{"text":"use aya_ebpf::{","highlight_start":1,"highlight_end":1}],"label":null,"suggested_replacement":"use aya_ebpf::EbpfContext;\n","suggestion_applicability":"MaybeIncorrect","expansion":null}],"children":[],"rendered":null},{"message":"there is a method `pid` with a similar name","code":null,"level":"help","spans":[{"file_name":"src/process-monitor.rs","byte_start":870,"byte_end":873,"line_start":40,"line_end":40,"column_start":19,"column_end":22,"is_primary":true,"text":[{"text":"    let gid = ctx.gid();","highlight_start":19,"highlight_end":22}],"label":null,"suggested_replacement":"pid","suggestion_applicability":"MaybeIncorrect","expansion":null}],"children":[],"rendered":null}],"rendered":"\u001b[1m\u001b[91merror[E0599]\u001b[0m\u001b[1m: no method named `gid` found for struct `TracePointContext` in the current scope\u001b[0m\n  \u001b[1m\u001b[94m--> \u001b[0msrc/process-monitor.rs:40:19\n   \u001b[1m\u001b[94m|\u001b[0m\n\u001b[1m\u001b[94m40\u001b[0m \u001b[1m\u001b[94m|\u001b[0m     let gid = ctx.gid();\n   \u001b[1m\u001b[94m|\u001b[0m                   \u001b[1m\u001b[91m^^^\u001b[0m\n   \u001b[1m\u001b[94m|\u001b[0m\n  \u001b[1m\u001b[94m::: \u001b[0m/home/shift/.cargo/registry/src/index.crates.io-1949cf8c6b5b557f/aya-ebpf-0.1.1/src/lib.rs:60:8\n   \u001b[1m\u001b[94m|\u001b[0m\n\u001b[1m\u001b[94m60\u001b[0m \u001b[1m\u001b[94m|\u001b[0m     fn gid(&self) -> u32 {\n   \u001b[1m\u001b[94m|\u001b[0m        \u001b[1m\u001b[94m---\u001b[0m \u001b[1m\u001b[94mthe method is available for `TracePointContext` here\u001b[0m\n   \u001b[1m\u001b[94m|\u001b[0m\n   \u001b[1m\u001b[94m= \u001b[0m\u001b[1mhelp\u001b[0m: items from traits can only be used if the trait is in scope\n\u001b[1m\u001b[96mhelp\u001b[0m: trait `EbpfContext` which provides `gid` is implemented but not in scope; perhaps you want to import it\n   \u001b[1m\u001b[94m|\u001b[0m\n \u001b[1m\u001b[94m4\u001b[0m \u001b[92m+ use aya_ebpf::EbpfContext;\u001b[0m\n   \u001b[1m\u001b[94m|\u001b[0m\n\u001b[1m\u001b[96mhelp\u001b[0m: there is a method `pid` with a similar name\n   \u001b[1m\u001b[94m|\u001b[0m\n\u001b[1m\u001b[94m40\u001b[0m \u001b[91m- \u001b[0m    let gid = ctx.\u001b[91mgid\u001b[0m();\n\u001b[1m\u001b[94m40\u001b[0m \u001b[92m+ \u001b[0m    let gid = ctx.\u001b[92mpid\u001b[0m();\n   \u001b[1m\u001b[94m|\u001b[0m\n\n"}
{"$message_type":"diagnostic","message":"no field `parent` on type `task_struct`","code":{"code":"E0609","explanation":"Attempted to access a nonexistent field in a struct.\n\nErroneous code example:\n\n```compile_fail,E0609\nstruct StructWithFields {\n    x: u32,\n}\n\nlet s = StructWithFields { x: 0 };\nprintln!(\"{}\", s.foo); // error: no field `foo` on type `StructWithFields`\n```\n\nTo fix this error, check that you didn't misspell the field's name or that the\nfield actually exists. Example:\n\n```\nstruct StructWithFields {\n    x: u32,\n}\n\nlet s = StructWithFields { x: 0 };\nprintln!(\"{}\", s.x); // ok!\n```\n"},"level":"error","spans":[{"file_name":"src/process-monitor.rs","byte_start":1150,"byte_end":1156,"line_start":49,"line_end":49,"column_start":30,"column_end":36,"is_primary":true,"text":[{"text":"        let parent = (*task).parent;","highlight_start":30,"highlight_end":36}],"label":"unknown field","suggested_replacement":null,"suggestion_applicability":null,"expansion":null}],"children":[],"rendered":"\u001b[1m\u001b[91merror[E0609]\u001b[0m\u001b[1m: no field `parent` on type `task_struct`\u001b[0m\n  \u001b[1m\u001b[94m--> \u001b[0msrc/process-monitor.rs:49:30\n   \u001b[1m\u001b[94m|\u001b[0m\n\u001b[1m\u001b[94m49\u001b[0m \u001b[1m\u001b[94m|\u001b[0m         let parent = (*task).parent;\n   \u001b[1m\u001b[94m|\u001b[0m                              \u001b[1m\u001b[91m^^^^^^\u001b[0m \u001b[1m\u001b[91munknown field\u001b[0m\n\n"}
{"$message_type":"diagnostic","message":"this function takes 0 arguments but 2 arguments were supplied","code":{"code":"E0061","explanation":"An invalid number of arguments was passed when calling a function.\n\nErroneous code example:\n\n```compile_fail,E0061\nfn f(u: i32) {}\n\nf(); // error!\n```\n\nThe number of arguments passed to a function must match the number of arguments\nspecified in the function signature.\n\nFor example, a function like:\n\n```\nfn f(a: u16, b: &str) {}\n```\n\nMust always be called with exactly two arguments, e.g., `f(2, \"test\")`.\n\nNote that Rust does not have a notion of optional function arguments or\nvariadic functions (except for its C-FFI).\n"},"level":"error","spans":[{"file_name":"src/process-monitor.rs","byte_start":1610,"byte_end":1653,"line_start":69,"line_end":69,"column_start":49,"column_end":92,"is_primary":false,"text":[{"text":"        aya_ebpf::helpers::bpf_get_current_comm(&mut event.comm as *mut [u8; 16] as *mut u8, 16)","highlight_start":49,"highlight_end":92}],"label":"unexpected argument #1 of type `*mut u8`","suggested_replacement":null,"suggestion_applicability":null,"expansion":null},{"file_name":"src/process-monitor.rs","byte_start":1655,"byte_end":1657,"line_start":69,"line_end":69,"column_start":94,"column_end":96,"is_primary":false,"text":[{"text":"        aya_ebpf::helpers::bpf_get_current_comm(&mut event.comm as *mut [u8; 16] as *mut u8, 16)","highlight_start":94,"highlight_end":96}],"label":"unexpected argument #2 of type `{integer}`","suggested_replacement":null,"suggestion_applicability":null,"expansion":null},{"file_name":"src/process-monitor.rs","byte_start":1570,"byte_end":1609,"line_start":69,"line_end":69,"column_start":9,"column_end":48,"is_primary":true,"text":[{"text":"        aya_ebpf::helpers::bpf_get_current_comm(&mut event.comm as *mut [u8; 16] as *mut u8, 16)","highlight_start":9,"highlight_end":48}],"label":null,"suggested_replacement":null,"suggestion_applicability":null,"expansion":null}],"children":[{"message":"function defined here","code":null,"level":"note","spans":[{"file_name":"/home/shift/.cargo/registry/src/index.crates.io-1949cf8c6b5b557f/aya-ebpf-0.1.1/src/helpers.rs","byte_start":18646,"byte_end":18666,"line_start":621,"line_end":621,"column_start":8,"column_end":28,"is_primary":true,"text":[{"text":"pub fn bpf_get_current_comm() -> Result<[u8; 16], c_long> {","highlight_start":8,"highlight_end":28}],"label":null,"suggested_replacement":null,"suggestion_applicability":null,"expansion":null}],"children":[],"rendered":null},{"message":"remove the extra arguments","code":null,"level":"help","spans":[{"file_name":"src/process-monitor.rs","byte_start":1610,"byte_end":1653,"line_start":69,"line_end":69,"column_start":49,"column_end":92,"is_primary":true,"text":[{"text":"        aya_ebpf::helpers::bpf_get_current_comm(&mut event.comm as *mut [u8; 16] as *mut u8, 16)","highlight_start":49,"highlight_end":92}],"label":null,"suggested_replacement":"","suggestion_applicability":"HasPlaceholders","expansion":null},{"file_name":"src/process-monitor.rs","byte_start":1653,"byte_end":1657,"line_start":69,"line_end":69,"column_start":92,"column_end":96,"is_primary":true,"text":[{"text":"        aya_ebpf::helpers::bpf_get_current_comm(&mut event.comm as *mut [u8; 16] as *mut u8, 16)","highlight_start":92,"highlight_end":96}],"label":null,"suggested_replacement":"","suggestion_applicability":"HasPlaceholders","expansion":null}],"children":[],"rendered":null}],"rendered":"\u001b[1m\u001b[91merror[E0061]\u001b[0m\u001b[1m: this function takes 0 arguments but 2 arguments were supplied\u001b[0m\n   \u001b[1m\u001b[94m--> \u001b[0msrc/process-monitor.rs:69:9\n    \u001b[1m\u001b[94m|\u001b[0m\n \u001b[1m\u001b[94m69\u001b[0m \u001b[1m\u001b[94m|\u001b[0m         aya_ebpf::helpers::bpf_get_current_comm(&mut event.comm as *mut [u8; 16] as *mut u8, 16)\n    \u001b[1m\u001b[94m|\u001b[0m         \u001b[1m\u001b[91m^^^^^^^^^^^^^^^^^^^^^^^^^^^^^^^^^^^^^^^\u001b[0m \u001b[1m\u001b[94m-------------------------------------------\u001b[0m  \u001b[1m\u001b[94m--\u001b[0m \u001b[1m\u001b[94munexpected argument #2 of type `{integer}`\u001b[0m\n    \u001b[1m\u001b[94m|\u001b[0m                                                 \u001b[1m\u001b[94m|\u001b[0m\n    \u001b[1m\u001b[94m|\u001b[0m                                                 \u001b[1m\u001b[94munexpected argument #1 of type `*mut u8`\u001b[0m\n    \u001b[1m\u001b[94m|\u001b[0m\n\u001b[1m\u001b[92mnote\u001b[0m: function defined here\n   \u001b[1m\u001b[94m--> \u001b[0m/home/shift/.cargo/registry/src/index.crates.io-1949cf8c6b5b557f/aya-ebpf-0.1.1/src/helpers.rs:621:8\n    \u001b[1m\u001b[94m|\u001b[0m\n\u001b[1m\u001b[94m621\u001b[0m \u001b[1m\u001b[94m|\u001b[0m pub fn bpf_get_current_comm() -> Result<[u8; 16], c_long> {\n    \u001b[1m\u001b[94m|\u001b[0m        \u001b[1m\u001b[92m^^^^^^^^^^^^^^^^^^^^\u001b[0m\n\u001b[1m\u001b[96mhelp\u001b[0m: remove the extra arguments\n    \u001b[1m\u001b[94m|\u001b[0m\n \u001b[1m\u001b[94m69\u001b[0m \u001b[91m- \u001b[0m        aya_ebpf::helpers::bpf_get_current_comm(\u001b[91m&mut event.comm as *mut [u8; 16] as *mut u8, 16\u001b[0m)\n \u001b[1m\u001b[94m69\u001b[0m \u001b[92m+ \u001b[0m        aya_ebpf::helpers::bpf_get_current_comm()\n    \u001b[1m\u001b[94m|\u001b[0m\n\n"}
{"$message_type":"diagnostic","message":"mismatched types","code":{"code":"E0308","explanation":"Expected type did not match the received type.\n\nErroneous code examples:\n\n```compile_fail,E0308\nfn plus_one(x: i32) -> i32 {\n    x + 1\n}\n\nplus_one(\"Not a number\");\n//       ^^^^^^^^^^^^^^ expected `i32`, found `&str`\n\nif \"Not a bool\" {\n// ^^^^^^^^^^^^ expected `bool`, found `&str`\n}\n\nlet x: f32 = \"Not a float\";\n//     ---   ^^^^^^^^^^^^^ expected `f32`, found `&str`\n//     |\n//     expected due to this\n```\n\nThis error occurs when an expression was used in a place where the compiler\nexpected an expression of a different type. It can occur in several cases, the\nmost common being when calling a function and passing an argument which has a\ndifferent type than the matching type in the function declaration.\n"},"level":"error","spans":[{"file_name":"src/process-monitor.rs","byte_start":1689,"byte_end":1690,"line_start":72,"line_end":72,"column_start":23,"column_end":24,"is_primary":true,"text":[{"text":"    if comm_result != 0 {","highlight_start":23,"highlight_end":24}],"label":"expected `Result<[u8; 16], i64>`, found integer","suggested_replacement":null,"suggestion_applicability":null,"expansion":null},{"file_name":"src/process-monitor.rs","byte_start":1674,"byte_end":1685,"line_start":72,"line_end":72,"column_start":8,"column_end":19,"is_primary":false,"text":[{"text":"    if comm_result != 0 {","highlight_start":8,"highlight_end":19}],"label":"expected because this is `Result<[u8; 16], i64>`","suggested_replacement":null,"suggestion_applicability":null,"expansion":null}],"children":[{"message":"expected enum `Result<[u8; 16], i64>`\n   found type `{integer}`","code":null,"level":"note","spans":[],"children":[],"rendered":null},{"message":"try wrapping the expression in `core::prelude::v1::Err`","code":null,"level":"help","spans":[{"file_name":"src/process-monitor.rs","byte_start":1689,"byte_end":1689,"line_start":72,"line_end":72,"column_start":23,"column_end":23,"is_primary":true,"text":[{"text":"    if comm_result != 0 {","highlight_start":23,"highlight_end":23}],"label":null,"suggested_replacement":"core::prelude::v1::Err(","suggestion_applicability":"MaybeIncorrect","expansion":null},{"file_name":"src/process-monitor.rs","byte_start":1690,"byte_end":1690,"line_start":72,"line_end":72,"column_start":24,"column_end":24,"is_primary":true,"text":[{"text":"    if comm_result != 0 {","highlight_start":24,"highlight_end":24}],"label":null,"suggested_replacement":")","suggestion_applicability":"MaybeIncorrect","expansion":null}],"children":[],"rendered":null}],"rendered":"\u001b[1m\u001b[91merror[E0308]\u001b[0m\u001b[1m: mismatched types\u001b[0m\n  \u001b[1m\u001b[94m--> \u001b[0msrc/process-monitor.rs:72:23\n   \u001b[1m\u001b[94m|\u001b[0m\n\u001b[1m\u001b[94m72\u001b[0m \u001b[1m\u001b[94m|\u001b[0m     if comm_result != 0 {\n   \u001b[1m\u001b[94m|\u001b[0m        \u001b[1m\u001b[94m-----------\u001b[0m    \u001b[1m\u001b[91m^\u001b[0m \u001b[1m\u001b[91mexpected `Result<[u8; 16], i64>`, found integer\u001b[0m\n   \u001b[1m\u001b[94m|\u001b[0m        \u001b[1m\u001b[94m|\u001b[0m\n   \u001b[1m\u001b[94m|\u001b[0m        \u001b[1m\u001b[94mexpected because this is `Result<[u8; 16], i64>`\u001b[0m\n   \u001b[1m\u001b[94m|\u001b[0m\n   \u001b[1m\u001b[94m= \u001b[0m\u001b[1mnote\u001b[0m: expected enum `\u001b[1m\u001b[35mResult<[u8; 16], i64>\u001b[0m`\n              found type `\u001b[1m\u001b[35m{integer}\u001b[0m`\n\u001b[1m\u001b[96mhelp\u001b[0m: try wrapping the expression in `core::prelude::v1::Err`\n   \u001b[1m\u001b[94m|\u001b[0m\n\u001b[1m\u001b[94m72\u001b[0m \u001b[1m\u001b[94m| \u001b[0m    if comm_result != \u001b[92mcore::prelude::v1::Err(\u001b[0m0\u001b[92m)\u001b[0m {\n   \u001b[1m\u001b[94m|\u001b[0m                       \u001b[92m+++++++++++++++++++++++\u001b[0m \u001b[92m+\u001b[0m\n\n"}
{"$message_type":"diagnostic","message":"this function takes 2 arguments but 3 arguments were supplied","code":{"code":"E0061","explanation":"An invalid number of arguments was passed when calling a function.\n\nErroneous code example:\n\n```compile_fail,E0061\nfn f(u: i32) {}\n\nf(); // error!\n```\n\nThe number of arguments passed to a function must match the number of arguments\nspecified in the function signature.\n\nFor example, a function like:\n\n```\nfn f(a: u16, b: &str) {}\n```\n\nMust always be called with exactly two arguments, e.g., `f(2, \"test\")`.\n\nNote that Rust does not have a notion of optional function arguments or\nvariadic functions (except for its C-FFI).\n"},"level":"error","spans":[{"file_name":"src/process-monitor.rs","byte_start":2074,"byte_end":2077,"line_start":82,"line_end":82,"column_start":21,"column_end":24,"is_primary":false,"text":[{"text":"                    256,","highlight_start":21,"highlight_end":24}],"label":"expected `&mut [u8]`, found integer","suggested_replacement":null,"suggestion_applicability":null,"expansion":null},{"file_name":"src/process-monitor.rs","byte_start":2099,"byte_end":2124,"line_start":83,"line_end":83,"column_start":21,"column_end":46,"is_primary":false,"text":[{"text":"                    filename_ptr as *const u8,","highlight_start":21,"highlight_end":46}],"label":"unexpected argument #3 of type `*const u8`","suggested_replacement":null,"suggestion_applicability":null,"expansion":null},{"file_name":"src/process-monitor.rs","byte_start":1940,"byte_end":1982,"line_start":80,"line_end":80,"column_start":17,"column_end":59,"is_primary":true,"text":[{"text":"                aya_ebpf::helpers::bpf_probe_read_user_str(","highlight_start":17,"highlight_end":59}],"label":null,"suggested_replacement":null,"suggestion_applicability":null,"expansion":null}],"children":[{"message":"function defined here","code":null,"level":"note","spans":[{"file_name":"/home/shift/.cargo/registry/src/index.crates.io-1949cf8c6b5b557f/aya-ebpf-0.1.1/src/helpers.rs","byte_start":9010,"byte_end":9033,"line_start":307,"line_end":307,"column_start":15,"column_end":38,"is_primary":true,"text":[{"text":"pub unsafe fn bpf_probe_read_user_str(src: *const u8, dest: &mut [u8]) -> Result<usize, c_long> {","highlight_start":15,"highlight_end":38}],"label":null,"suggested_replacement":null,"suggestion_applicability":null,"expansion":null}],"children":[],"rendered":null},{"message":"remove the extra argument","code":null,"level":"help","spans":[{"file_name":"src/process-monitor.rs","byte_start":2077,"byte_end":2124,"line_start":82,"line_end":83,"column_start":24,"column_end":46,"is_primary":true,"text":[{"text":"                    256,","highlight_start":24,"highlight_end":25},{"text":"                    filename_ptr as *const u8,","highlight_start":1,"highlight_end":46}],"label":null,"suggested_replacement":"","suggestion_applicability":"HasPlaceholders","expansion":null},{"file_name":"src/process-monitor.rs","byte_start":2074,"byte_end":2077,"line_start":82,"line_end":82,"column_start":21,"column_end":24,"is_primary":true,"text":[{"text":"                    256,","highlight_start":21,"highlight_end":24}],"label":null,"suggested_replacement":"/* &mut [u8] */","suggestion_applicability":"HasPlaceholders","expansion":null}],"children":[],"rendered":null}],"rendered":"\u001b[1m\u001b[91merror[E0061]\u001b[0m\u001b[1m: this function takes 2 arguments but 3 arguments were supplied\u001b[0m\n   \u001b[1m\u001b[94m--> \u001b[0msrc/process-monitor.rs:80:17\n    \u001b[1m\u001b[94m|\u001b[0m\n \u001b[1m\u001b[94m80\u001b[0m \u001b[1m\u001b[94m|\u001b[0m                 aya_ebpf::helpers::bpf_probe_read_user_str(\n    \u001b[1m\u001b[94m|\u001b[0m                 \u001b[1m\u001b[91m^^^^^^^^^^^^^^^^^^^^^^^^^^^^^^^^^^^^^^^^^^\u001b[0m\n \u001b[1m\u001b[94m81\u001b[0m \u001b[1m\u001b[94m|\u001b[0m                     &mut event.filename as *mut [u8; 256] as *mut u8,\n \u001b[1m\u001b[94m82\u001b[0m \u001b[1m\u001b[94m|\u001b[0m                     256,\n    \u001b[1m\u001b[94m|\u001b[0m                     \u001b[1m\u001b[94m---\u001b[0m \u001b[1m\u001b[94mexpected `&mut [u8]`, found integer\u001b[0m\n \u001b[1m\u001b[94m83\u001b[0m \u001b[1m\u001b[94m|\u001b[0m                     filename_ptr as *const u8,\n    \u001b[1m\u001b[94m|\u001b[0m                     \u001b[1m\u001b[94m-------------------------\u001b[0m \u001b[1m\u001b[94munexpected argument #3 of type `*const u8`\u001b[0m\n    \u001b[1m\u001b[94m|\u001b[0m\n\u001b[1m\u001b[92mnote\u001b[0m: function defined here\n   \u001b[1m\u001b[94m--> \u001b[0m/home/shift/.cargo/registry/src/index.crates.io-1949cf8c6b5b557f/aya-ebpf-0.1.1/src/helpers.rs:307:15\n    \u001b[1m\u001b[94m|\u001b[0m\n\u001b[1m\u001b[94m307\u001b[0m \u001b[1m\u001b[94m|\u001b[0m pub unsafe fn bpf_probe_read_user_str(src: *const u8, dest: &mut [u8]) -> Result<usize, c_long> {\n    \u001b[1m\u001b[94m|\u001b[0m               \u001b[1m\u001b[92m^^^^^^^^^^^^^^^^^^^^^^^\u001b[0m\n\u001b[1m\u001b[96mhelp\u001b[0m: remove the extra argument\n    \u001b[1m\u001b[94m|\u001b[0m\n \u001b[1m\u001b[94m82\u001b[0m \u001b[91m-                     256,\u001b[0m\n \u001b[1m\u001b[94m82\u001b[0m \u001b[92m+ \u001b[0m                    \u001b[92m/* &mut [u8] */\u001b[0m,\n    \u001b[1m\u001b[94m|\u001b[0m\n\n"}
{"$message_type":"diagnostic","message":"mismatched types","code":{"code":"E0308","explanation":"Expected type did not match the received type.\n\nErroneous code examples:\n\n```compile_fail,E0308\nfn plus_one(x: i32) -> i32 {\n    x + 1\n}\n\nplus_one(\"Not a number\");\n//       ^^^^^^^^^^^^^^ expected `i32`, found `&str`\n\nif \"Not a bool\" {\n// ^^^^^^^^^^^^ expected `bool`, found `&str`\n}\n\nlet x: f32 = \"Not a float\";\n//     ---   ^^^^^^^^^^^^^ expected `f32`, found `&str`\n//     |\n//     expected due to this\n```\n\nThis error occurs when an expression was used in a place where the compiler\nexpected an expression of a different type. It can occur in several cases, the\nmost common being when calling a function and passing an argument which has a\ndifferent type than the matching type in the function declaration.\n"},"level":"error","spans":[{"file_name":"src/process-monitor.rs","byte_start":2180,"byte_end":2181,"line_start":86,"line_end":86,"column_start":22,"column_end":23,"is_primary":true,"text":[{"text":"            if ret < 0 {","highlight_start":22,"highlight_end":23}],"label":"expected `Result<usize, i64>`, found integer","suggested_replacement":null,"suggestion_applicability":null,"expansion":null},{"file_name":"src/process-monitor.rs","byte_start":2174,"byte_end":2177,"line_start":86,"line_end":86,"column_start":16,"column_end":19,"is_primary":false,"text":[{"text":"            if ret < 0 {","highlight_start":16,"highlight_end":19}],"label":"expected because this is `Result<usize, i64>`","suggested_replacement":null,"suggestion_applicability":null,"expansion":null}],"children":[{"message":"expected enum `Result<usize, i64>`\n   found type `{integer}`","code":null,"level":"note","spans":[],"children":[],"rendered":null},{"message":"try wrapping the expression in a variant of `Result`","code":null,"level":"help","spans":[{"file_name":"src/process-monitor.rs","byte_start":2180,"byte_end":2180,"line_start":86,"line_end":86,"column_start":22,"column_end":22,"is_primary":true,"text":[{"text":"            if ret < 0 {","highlight_start":22,"highlight_end":22}],"label":null,"suggested_replacement":"core::prelude::v1::Ok(","suggestion_applicability":"MaybeIncorrect","expansion":null},{"file_name":"src/process-monitor.rs","byte_start":2181,"byte_end":2181,"line_start":86,"line_end":86,"column_start":23,"column_end":23,"is_primary":true,"text":[{"text":"            if ret < 0 {","highlight_start":23,"highlight_end":23}],"label":null,"suggested_replacement":")","suggestion_applicability":"MaybeIncorrect","expansion":null},{"file_name":"src/process-monitor.rs","byte_start":2180,"byte_end":2180,"line_start":86,"line_end":86,"column_start":22,"column_end":22,"is_primary":true,"text":[{"text":"            if ret < 0 {","highlight_start":22,"highlight_end":22}],"label":null,"suggested_replacement":"core::prelude::v1::Err(","suggestion_applicability":"MaybeIncorrect","expansion":null},{"file_name":"src/process-monitor.rs","byte_start":2181,"byte_end":2181,"line_start":86,"line_end":86,"column_start":23,"column_end":23,"is_primary":true,"text":[{"text":"            if ret < 0 {","highlight_start":23,"highlight_end":23}],"label":null,"suggested_replacement":")","suggestion_applicability":"MaybeIncorrect","expansion":null}],"children":[],"rendered":null}],"rendered":"\u001b[1m\u001b[91merror[E0308]\u001b[0m\u001b[1m: mismatched types\u001b[0m\n  \u001b[1m\u001b[94m--> \u001b[0msrc/process-monitor.rs:86:22\n   \u001b[1m\u001b[94m|\u001b[0m\n\u001b[1m\u001b[94m86\u001b[0m \u001b[1m\u001b[94m|\u001b[0m             if ret < 0 {\n   \u001b[1m\u001b[94m|\u001b[0m                \u001b[1m\u001b[94m---\u001b[0m   \u001b[1m\u001b[91m^\u001b[0m \u001b[1m\u001b[91mexpected `Result<usize, i64>`, found integer\u001b[0m\n   \u001b[1m\u001b[94m|\u001b[0m                \u001b[1m\u001b[94m|\u001b[0m\n   \u001b[1m\u001b[94m|\u001b[0m                \u001b[1m\u001b[94mexpected because this is `Result<usize, i64>`\u001b[0m\n   \u001b[1m\u001b[94m|\u001b[0m\n   \u001b[1m\u001b[94m= \u001b[0m\u001b[1mnote\u001b[0m: expected enum `\u001b[1m\u001b[35mResult<usize, i64>\u001b[0m`\n              found type `\u001b[1m\u001b[35m{integer}\u001b[0m`\n\u001b[1m\u001b[96mhelp\u001b[0m: try wrapping the expression in a variant of `Result`\n   \u001b[1m\u001b[94m|\u001b[0m\n\u001b[1m\u001b[94m86\u001b[0m \u001b[1m\u001b[94m| \u001b[0m            if ret < \u001b[92mcore::prelude::v1::Ok(\u001b[0m0\u001b[92m)\u001b[0m {\n   \u001b[1m\u001b[94m|\u001b[0m                      \u001b[92m++++++++++++++++++++++\u001b[0m \u001b[92m+\u001b[0m\n\u001b[1m\u001b[94m86\u001b[0m \u001b[1m\u001b[94m| \u001b[0m            if ret < \u001b[92mcore::prelude::v1::Err(\u001b[0m0\u001b[92m)\u001b[0m {\n   \u001b[1m\u001b[94m|\u001b[0m                      \u001b[92m+++++++++++++++++++++++\u001b[0m \u001b[92m+\u001b[0m\n\n"}
{"$message_type":"diagnostic","message":"no method named `pid` found for struct `TracePointContext` in the current scope","code":{"code":"E0599","explanation":"This error occurs when a method is used on a type which doesn't implement it:\n\nErroneous code example:\n\n```compile_fail,E0599\nstruct Mouth;\n\nlet x = Mouth;\nx.chocolate(); // error: no method named `chocolate` found for type `Mouth`\n               //        in the current scope\n```\n\nIn this case, you need to implement the `chocolate` method to fix the error:\n\n```\nstruct Mouth;\n\nimpl Mouth {\n    fn chocolate(&self) { // We implement the `chocolate` method here.\n        println!(\"Hmmm! I love chocolate!\");\n    }\n}\n\nlet x = Mouth;\nx.chocolate(); // ok!\n```\n"},"level":"error","spans":[{"file_name":"/home/shift/.cargo/registry/src/index.crates.io-1949cf8c6b5b557f/aya-ebpf-0.1.1/src/lib.rs","byte_start":1326,"byte_end":1329,"line_start":48,"line_end":48,"column_start":8,"column_end":11,"is_primary":false,"text":[{"text":"    fn pid(&self) -> u32 {","highlight_start":8,"highlight_end":11}],"label":"the method is available for `TracePointContext` here","suggested_replacement":null,"suggestion_applicability":null,"expansion":null},{"file_name":"src/process-monitor.rs","byte_start":2900,"byte_end":2903,"line_start":118,"line_end":118,"column_start":19,"column_end":22,"is_primary":true,"text":[{"text":"    let pid = ctx.pid();","highlight_start":19,"highlight_end":22}],"label":null,"suggested_replacement":null,"suggestion_applicability":null,"expansion":null}],"children":[{"message":"items from traits can only be used if the trait is in scope","code":null,"level":"help","spans":[],"children":[],"rendered":null},{"message":"trait `EbpfContext` which provides `pid` is implemented but not in scope; perhaps you want to import it","code":null,"level":"help","spans":[{"file_name":"src/process-monitor.rs","byte_start":24,"byte_end":24,"line_start":4,"line_end":4,"column_start":1,"column_end":1,"is_primary":true,"text":[{"text":"use aya_ebpf::{","highlight_start":1,"highlight_end":1}],"label":null,"suggested_replacement":"use aya_ebpf::EbpfContext;\n","suggestion_applicability":"MaybeIncorrect","expansion":null}],"children":[],"rendered":null},{"message":"there is a method `gid` with a similar name","code":null,"level":"help","spans":[{"file_name":"src/process-monitor.rs","byte_start":2900,"byte_end":2903,"line_start":118,"line_end":118,"column_start":19,"column_end":22,"is_primary":true,"text":[{"text":"    let pid = ctx.pid();","highlight_start":19,"highlight_end":22}],"label":null,"suggested_replacement":"gid","suggestion_applicability":"MaybeIncorrect","expansion":null}],"children":[],"rendered":null}],"rendered":"\u001b[1m\u001b[91merror[E0599]\u001b[0m\u001b[1m: no method named `pid` found for struct `TracePointContext` in the current scope\u001b[0m\n   \u001b[1m\u001b[94m--> \u001b[0msrc/process-monitor.rs:118:19\n    \u001b[1m\u001b[94m|\u001b[0m\n\u001b[1m\u001b[94m118\u001b[0m \u001b[1m\u001b[94m|\u001b[0m     let pid = ctx.pid();\n    \u001b[1m\u001b[94m|\u001b[0m                   \u001b[1m\u001b[91m^^^\u001b[0m\n    \u001b[1m\u001b[94m|\u001b[0m\n   \u001b[1m\u001b[94m::: \u001b[0m/home/shift/.cargo/registry/src/index.crates.io-1949cf8c6b5b557f/aya-ebpf-0.1.1/src/lib.rs:48:8\n    \u001b[1m\u001b[94m|\u001b[0m\n \u001b[1m\u001b[94m48\u001b[0m \u001b[1m\u001b[94m|\u001b[0m     fn pid(&self) -> u32 {\n    \u001b[1m\u001b[94m|\u001b[0m        \u001b[1m\u001b[94m---\u001b[0m \u001b[1m\u001b[94mthe method is available for `TracePointContext` here\u001b[0m\n    \u001b[1m\u001b[94m|\u001b[0m\n    \u001b[1m\u001b[94m= \u001b[0m\u001b[1mhelp\u001b[0m: items from traits can only be used if the trait is in scope\n\u001b[1m\u001b[96mhelp\u001b[0m: trait `EbpfContext` which provides `pid` is implemented but not in scope; perhaps you want to import it\n    \u001b[1m\u001b[94m|\u001b[0m\n  \u001b[1m\u001b[94m4\u001b[0m \u001b[92m+ use aya_ebpf::EbpfContext;\u001b[0m\n    \u001b[1m\u001b[94m|\u001b[0m\n\u001b[1m\u001b[96mhelp\u001b[0m: there is a method `gid` with a similar name\n    \u001b[1m\u001b[94m|\u001b[0m\n\u001b[1m\u001b[94m118\u001b[0m \u001b[91m- \u001b[0m    let pid = ctx.\u001b[91mpid\u001b[0m();\n\u001b[1m\u001b[94m118\u001b[0m \u001b[92m+ \u001b[0m    let pid = ctx.\u001b[92mgid\u001b[0m();\n    \u001b[1m\u001b[94m|\u001b[0m\n\n"}
{"$message_type":"diagnostic","message":"no method named `uid` found for struct `TracePointContext` in the current scope","code":{"code":"E0599","explanation":"This error occurs when a method is used on a type which doesn't implement it:\n\nErroneous code example:\n\n```compile_fail,E0599\nstruct Mouth;\n\nlet x = Mouth;\nx.chocolate(); // error: no method named `chocolate` found for type `Mouth`\n               //        in the current scope\n```\n\nIn this case, you need to implement the `chocolate` method to fix the error:\n\n```\nstruct Mouth;\n\nimpl Mouth {\n    fn chocolate(&self) { // We implement the `chocolate` method here.\n        println!(\"Hmmm! I love chocolate!\");\n    }\n}\n\nlet x = Mouth;\nx.chocolate(); // ok!\n```\n"},"level":"error","spans":[{"file_name":"/home/shift/.cargo/registry/src/index.crates.io-1949cf8c6b5b557f/aya-ebpf-0.1.1/src/lib.rs","byte_start":1487,"byte_end":1490,"line_start":56,"line_end":56,"column_start":8,"column_end":11,"is_primary":false,"text":[{"text":"    fn uid(&self) -> u32 {","highlight_start":8,"highlight_end":11}],"label":"the method is available for `TracePointContext` here","suggested_replacement":null,"suggestion_applicability":null,"expansion":null},{"file_name":"src/process-monitor.rs","byte_start":2925,"byte_end":2928,"line_start":119,"line_end":119,"column_start":19,"column_end":22,"is_primary":true,"text":[{"text":"    let uid = ctx.uid();","highlight_start":19,"highlight_end":22}],"label":null,"suggested_replacement":null,"suggestion_applicability":null,"expansion":null}],"children":[{"message":"items from traits can only be used if the trait is in scope","code":null,"level":"help","spans":[],"children":[],"rendered":null},{"message":"trait `EbpfContext` which provides `uid` is implemented but not in scope; perhaps you want to import it","code":null,"level":"help","spans":[{"file_name":"src/process-monitor.rs","byte_start":24,"byte_end":24,"line_start":4,"line_end":4,"column_start":1,"column_end":1,"is_primary":true,"text":[{"text":"use aya_ebpf::{","highlight_start":1,"highlight_end":1}],"label":null,"suggested_replacement":"use aya_ebpf::EbpfContext;\n","suggestion_applicability":"MaybeIncorrect","expansion":null}],"children":[],"rendered":null},{"message":"there is a method `gid` with a similar name","code":null,"level":"help","spans":[{"file_name":"src/process-monitor.rs","byte_start":2925,"byte_end":2928,"line_start":119,"line_end":119,"column_start":19,"column_end":22,"is_primary":true,"text":[{"text":"    let uid = ctx.uid();","highlight_start":19,"highlight_end":22}],"label":null,"suggested_replacement":"gid","suggestion_applicability":"MaybeIncorrect","expansion":null}],"children":[],"rendered":null}],"rendered":"\u001b[1m\u001b[91merror[E0599]\u001b[0m\u001b[1m: no method named `uid` found for struct `TracePointContext` in the current scope\u001b[0m\n   \u001b[1m\u001b[94m--> \u001b[0msrc/process-monitor.rs:119:19\n    \u001b[1m\u001b[94m|\u001b[0m\n\u001b[1m\u001b[94m119\u001b[0m \u001b[1m\u001b[94m|\u001b[0m     let uid = ctx.uid();\n    \u001b[1m\u001b[94m|\u001b[0m                   \u001b[1m\u001b[91m^^^\u001b[0m\n    \u001b[1m\u001b[94m|\u001b[0m\n   \u001b[1m\u001b[94m::: \u001b[0m/home/shift/.cargo/registry/src/index.crates.io-1949cf8c6b5b557f/aya-ebpf-0.1.1/src/lib.rs:56:8\n    \u001b[1m\u001b[94m|\u001b[0m\n \u001b[1m\u001b[94m56\u001b[0m \u001b[1m\u001b[94m|\u001b[0m     fn uid(&self) -> u32 {\n    \u001b[1m\u001b[94m|\u001b[0m        \u001b[1m\u001b[94m---\u001b[0m \u001b[1m\u001b[94mthe method is available for `TracePointContext` here\u001b[0m\n    \u001b[1m\u001b[94m|\u001b[0m\n    \u001b[1m\u001b[94m= \u001b[0m\u001b[1mhelp\u001b[0m: items from traits can only be used if the trait is in scope\n\u001b[1m\u001b[96mhelp\u001b[0m: trait `EbpfContext` which provides `uid` is implemented but not in scope; perhaps you want to import it\n    \u001b[1m\u001b[94m|\u001b[0m\n  \u001b[1m\u001b[94m4\u001b[0m \u001b[92m+ use aya_ebpf::EbpfContext;\u001b[0m\n    \u001b[1m\u001b[94m|\u001b[0m\n\u001b[1m\u001b[96mhelp\u001b[0m: there is a method `gid` with a similar name\n    \u001b[1m\u001b[94m|\u001b[0m\n\u001b[1m\u001b[94m119\u001b[0m \u001b[91m- \u001b[0m    let uid = ctx.\u001b[91muid\u001b[0m();\n\u001b[1m\u001b[94m119\u001b[0m \u001b[92m+ \u001b[0m    let uid = ctx.\u001b[92mgid\u001b[0m();\n    \u001b[1m\u001b[94m|\u001b[0m\n\n"}
{"$message_type":"diagnostic","message":"no method named `gid` found for struct `TracePointContext` in the current scope","code":{"code":"E0599","explanation":"This error occurs when a method is used on a type which doesn't implement it:\n\nErroneous code example:\n\n```compile_fail,E0599\nstruct Mouth;\n\nlet x = Mouth;\nx.chocolate(); // error: no method named `chocolate` found for type `Mouth`\n               //        in the current scope\n```\n\nIn this case, you need to implement the `chocolate` method to fix the error:\n\n```\nstruct Mouth;\n\nimpl Mouth {\n    fn chocolate(&self) { // We implement the `chocolate` method here.\n        println!(\"Hmmm! I love chocolate!\");\n    }\n}\n\nlet x = Mouth;\nx.chocolate(); // ok!\n```\n"},"level":"error","spans":[{"file_name":"/home/shift/.cargo/registry/src/index.crates.io-1949cf8c6b5b557f/aya-ebpf-0.1.1/src/lib.rs","byte_start":1562,"byte_end":1565,"line_start":60,"line_end":60,"column_start":8,"column_end":11,"is_primary":false,"text":[{"text":"    fn gid(&self) -> u32 {","highlight_start":8,"highlight_end":11}],"label":"the method is available for `TracePointContext` here","suggested_replacement":null,"suggestion_applicability":null,"expansion":null},{"file_name":"src/process-monitor.rs","byte_start":2950,"byte_end":2953,"line_start":120,"line_end":120,"column_start":19,"column_end":22,"is_primary":true,"text":[{"text":"    let gid = ctx.gid();","highlight_start":19,"highlight_end":22}],"label":null,"suggested_replacement":null,"suggestion_applicability":null,"expansion":null}],"children":[{"message":"items from traits can only be used if the trait is in scope","code":null,"level":"help","spans":[],"children":[],"rendered":null},{"message":"trait `EbpfContext` which provides `gid` is implemented but not in scope; perhaps you want to import it","code":null,"level":"help","spans":[{"file_name":"src/process-monitor.rs","byte_start":24,"byte_end":24,"line_start":4,"line_end":4,"column_start":1,"column_end":1,"is_primary":true,"text":[{"text":"use aya_ebpf::{","highlight_start":1,"highlight_end":1}],"label":null,"suggested_replacement":"use aya_ebpf::EbpfContext;\n","suggestion_applicability":"MaybeIncorrect","expansion":null}],"children":[],"rendered":null},{"message":"there is a method `pid` with a similar name","code":null,"level":"help","spans":[{"file_name":"src/process-monitor.rs","byte_start":2950,"byte_end":2953,"line_start":120,"line_end":120,"column_start":19,"column_end":22,"is_primary":true,"text":[{"text":"    let gid = ctx.gid();","highlight_start":19,"highlight_end":22}],"label":null,"suggested_replacement":"pid","suggestion_applicability":"MaybeIncorrect","expansion":null}],"children":[],"rendered":null}],"rendered":"\u001b[1m\u001b[91merror[E0599]\u001b[0m\u001b[1m: no method named `gid` found for struct `TracePointContext` in the current scope\u001b[0m\n   \u001b[1m\u001b[94m--> \u001b[0msrc/process-monitor.rs:120:19\n    \u001b[1m\u001b[94m|\u001b[0m\n\u001b[1m\u001b[94m120\u001b[0m \u001b[1m\u001b[94m|\u001b[0m     let gid = ctx.gid();\n    \u001b[1m\u001b[94m|\u001b[0m                   \u001b[1m\u001b[91m^^^\u001b[0m\n    \u001b[1m\u001b[94m|\u001b[0m\n   \u001b[1m\u001b[94m::: \u001b[0m/home/shift/.cargo/registry/src/index.crates.io-1949cf8c6b5b557f/aya-ebpf-0.1.1/src/lib.rs:60:8\n    \u001b[1m\u001b[94m|\u001b[0m\n \u001b[1m\u001b[94m60\u001b[0m \u001b[1m\u001b[94m|\u001b[0m     fn gid(&self) -> u32 {\n    \u001b[1m\u001b[94m|\u001b[0m        \u001b[1m\u001b[94m---\u001b[0m \u001b[1m\u001b[94mthe method is available for `TracePointContext` here\u001b[0m\n    \u001b[1m\u001b[94m|\u001b[0m\n    \u001b[1m\u001b[94m= \u001b[0m\u001b[1mhelp\u001b[0m: items from traits can only be used if the trait is in scope\n\u001b[1m\u001b[96mhelp\u001b[0m: trait `EbpfContext` which provides `gid` is implemented but not in scope; perhaps you want to import it\n    \u001b[1m\u001b[94m|\u001b[0m\n  \u001b[1m\u001b[94m4\u001b[0m \u001b[92m+ use aya_ebpf::EbpfContext;\u001b[0m\n    \u001b[1m\u001b[94m|\u001b[0m\n\u001b[1m\u001b[96mhelp\u001b[0m: there is a method `pid` with a similar name\n    \u001b[1m\u001b[94m|\u001b[0m\n\u001b[1m\u001b[94m120\u001b[0m \u001b[91m- \u001b[0m    let gid = ctx.\u001b[91mgid\u001b[0m();\n\u001b[1m\u001b[94m120\u001b[0m \u001b[92m+ \u001b[0m    let gid = ctx.\u001b[92mpid\u001b[0m();\n    \u001b[1m\u001b[94m|\u001b[0m\n\n"}
{"$message_type":"diagnostic","message":"this function takes 0 arguments but 2 arguments were supplied","code":{"code":"E0061","explanation":"An invalid number of arguments was passed when calling a function.\n\nErroneous code example:\n\n```compile_fail,E0061\nfn f(u: i32) {}\n\nf(); // error!\n```\n\nThe number of arguments passed to a function must match the number of arguments\nspecified in the function signature.\n\nFor example, a function like:\n\n```\nfn f(a: u16, b: &str) {}\n```\n\nMust always be called with exactly two arguments, e.g., `f(2, \"test\")`.\n\nNote that Rust does not have a notion of optional function arguments or\nvariadic functions (except for its C-FFI).\n"},"level":"error","spans":[{"file_name":"src/process-monitor.rs","byte_start":3342,"byte_end":3385,"line_start":135,"line_end":135,"column_start":49,"column_end":92,"is_primary":false,"text":[{"text":"        aya_ebpf::helpers::bpf_get_current_comm(&mut event.comm as *mut [u8; 16] as *mut u8, 16)","highlight_start":49,"highlight_end":92}],"label":"unexpected argument #1 of type `*mut u8`","suggested_replacement":null,"suggestion_applicability":null,"expansion":null},{"file_name":"src/process-monitor.rs","byte_start":3387,"byte_end":3389,"line_start":135,"line_end":135,"column_start":94,"column_end":96,"is_primary":false,"text":[{"text":"        aya_ebpf::helpers::bpf_get_current_comm(&mut event.comm as *mut [u8; 16] as *mut u8, 16)","highlight_start":94,"highlight_end":96}],"label":"unexpected argument #2 of type `{integer}`","suggested_replacement":null,"suggestion_applicability":null,"expansion":null},{"file_name":"src/process-monitor.rs","byte_start":3302,"byte_end":3341,"line_start":135,"line_end":135,"column_start":9,"column_end":48,"is_primary":true,"text":[{"text":"        aya_ebpf::helpers::bpf_get_current_comm(&mut event.comm as *mut [u8; 16] as *mut u8, 16)","highlight_start":9,"highlight_end":48}],"label":null,"suggested_replacement":null,"suggestion_applicability":null,"expansion":null}],"children":[{"message":"function defined here","code":null,"level":"note","spans":[{"file_name":"/home/shift/.cargo/registry/src/index.crates.io-1949cf8c6b5b557f/aya-ebpf-0.1.1/src/helpers.rs","byte_start":18646,"byte_end":18666,"line_start":621,"line_end":621,"column_start":8,"column_end":28,"is_primary":true,"text":[{"text":"pub fn bpf_get_current_comm() -> Result<[u8; 16], c_long> {","highlight_start":8,"highlight_end":28}],"label":null,"suggested_replacement":null,"suggestion_applicability":null,"expansion":null}],"children":[],"rendered":null},{"message":"remove the extra arguments","code":null,"level":"help","spans":[{"file_name":"src/process-monitor.rs","byte_start":3342,"byte_end":3385,"line_start":135,"line_end":135,"column_start":49,"column_end":92,"is_primary":true,"text":[{"text":"        aya_ebpf::helpers::bpf_get_current_comm(&mut event.comm as *mut [u8; 16] as *mut u8, 16)","highlight_start":49,"highlight_end":92}],"label":null,"suggested_replacement":"","suggestion_applicability":"HasPlaceholders","expansion":null},{"file_name":"src/process-monitor.rs","byte_start":3385,"byte_end":3389,"line_start":135,"line_end":135,"column_start":92,"column_end":96,"is_primary":true,"text":[{"text":"        aya_ebpf::helpers::bpf_get_current_comm(&mut event.comm as *mut [u8; 16] as *mut u8, 16)","highlight_start":92,"highlight_end":96}],"label":null,"suggested_replacement":"","suggestion_applicability":"HasPlaceholders","expansion":null}],"children":[],"rendered":null}],"rendered":"\u001b[1m\u001b[91merror[E0061]\u001b[0m\u001b[1m: this function takes 0 arguments but 2 arguments were supplied\u001b[0m\n   \u001b[1m\u001b[94m--> \u001b[0msrc/process-monitor.rs:135:9\n    \u001b[1m\u001b[94m|\u001b[0m\n\u001b[1m\u001b[94m135\u001b[0m \u001b[1m\u001b[94m|\u001b[0m         aya_ebpf::helpers::bpf_get_current_comm(&mut event.comm as *mut [u8; 16] as *mut u8, 16)\n    \u001b[1m\u001b[94m|\u001b[0m         \u001b[1m\u001b[91m^^^^^^^^^^^^^^^^^^^^^^^^^^^^^^^^^^^^^^^\u001b[0m \u001b[1m\u001b[94m-------------------------------------------\u001b[0m  \u001b[1m\u001b[94m--\u001b[0m \u001b[1m\u001b[94munexpected argument #2 of type `{integer}`\u001b[0m\n    \u001b[1m\u001b[94m|\u001b[0m                                                 \u001b[1m\u001b[94m|\u001b[0m\n    \u001b[1m\u001b[94m|\u001b[0m                                                 \u001b[1m\u001b[94munexpected argument #1 of type `*mut u8`\u001b[0m\n    \u001b[1m\u001b[94m|\u001b[0m\n\u001b[1m\u001b[92mnote\u001b[0m: function defined here\n   \u001b[1m\u001b[94m--> \u001b[0m/home/shift/.cargo/registry/src/index.crates.io-1949cf8c6b5b557f/aya-ebpf-0.1.1/src/helpers.rs:621:8\n    \u001b[1m\u001b[94m|\u001b[0m\n\u001b[1m\u001b[94m621\u001b[0m \u001b[1m\u001b[94m|\u001b[0m pub fn bpf_get_current_comm() -> Result<[u8; 16], c_long> {\n    \u001b[1m\u001b[94m|\u001b[0m        \u001b[1m\u001b[92m^^^^^^^^^^^^^^^^^^^^\u001b[0m\n\u001b[1m\u001b[96mhelp\u001b[0m: remove the extra arguments\n    \u001b[1m\u001b[94m|\u001b[0m\n\u001b[1m\u001b[94m135\u001b[0m \u001b[91m- \u001b[0m        aya_ebpf::helpers::bpf_get_current_comm(\u001b[91m&mut event.comm as *mut [u8; 16] as *mut u8, 16\u001b[0m)\n\u001b[1m\u001b[94m135\u001b[0m \u001b[92m+ \u001b[0m        aya_ebpf::helpers::bpf_get_current_comm()\n    \u001b[1m\u001b[94m|\u001b[0m\n\n"}
{"$message_type":"diagnostic","message":"mismatched types","code":{"code":"E0308","explanation":"Expected type did not match the received type.\n\nErroneous code examples:\n\n```compile_fail,E0308\nfn plus_one(x: i32) -> i32 {\n    x + 1\n}\n\nplus_one(\"Not a number\");\n//       ^^^^^^^^^^^^^^ expected `i32`, found `&str`\n\nif \"Not a bool\" {\n// ^^^^^^^^^^^^ expected `bool`, found `&str`\n}\n\nlet x: f32 = \"Not a float\";\n//     ---   ^^^^^^^^^^^^^ expected `f32`, found `&str`\n//     |\n//     expected due to this\n```\n\nThis error occurs when an expression was used in a place where the compiler\nexpected an expression of a different type. It can occur in several cases, the\nmost common being when calling a function and passing an argument which has a\ndifferent type than the matching type in the function declaration.\n"},"level":"error","spans":[{"file_name":"src/process-monitor.rs","byte_start":3421,"byte_end":3422,"line_start":138,"line_end":138,"column_start":23,"column_end":24,"is_primary":true,"text":[{"text":"    if comm_result != 0 {","highlight_start":23,"highlight_end":24}],"label":"expected `Result<[u8; 16], i64>`, found integer","suggested_replacement":null,"suggestion_applicability":null,"expansion":null},{"file_name":"src/process-monitor.rs","byte_start":3406,"byte_end":3417,"line_start":138,"line_end":138,"column_start":8,"column_end":19,"is_primary":false,"text":[{"text":"    if comm_result != 0 {","highlight_start":8,"highlight_end":19}],"label":"expected because this is `Result<[u8; 16], i64>`","suggested_replacement":null,"suggestion_applicability":null,"expansion":null}],"children":[{"message":"expected enum `Result<[u8; 16], i64>`\n   found type `{integer}`","code":null,"level":"note","spans":[],"children":[],"rendered":null},{"message":"try wrapping the expression in `core::prelude::v1::Err`","code":null,"level":"help","spans":[{"file_name":"src/process-monitor.rs","byte_start":3421,"byte_end":3421,"line_start":138,"line_end":138,"column_start":23,"column_end":23,"is_primary":true,"text":[{"text":"    if comm_result != 0 {","highlight_start":23,"highlight_end":23}],"label":null,"suggested_replacement":"core::prelude::v1::Err(","suggestion_applicability":"MaybeIncorrect","expansion":null},{"file_name":"src/process-monitor.rs","byte_start":3422,"byte_end":3422,"line_start":138,"line_end":138,"column_start":24,"column_end":24,"is_primary":true,"text":[{"text":"    if comm_result != 0 {","highlight_start":24,"highlight_end":24}],"label":null,"suggested_replacement":")","suggestion_applicability":"MaybeIncorrect","expansion":null}],"children":[],"rendered":null}],"rendered":"\u001b[1m\u001b[91merror[E0308]\u001b[0m\u001b[1m: mismatched types\u001b[0m\n   \u001b[1m\u001b[94m--> \u001b[0msrc/process-monitor.rs:138:23\n    \u001b[1m\u001b[94m|\u001b[0m\n\u001b[1m\u001b[94m138\u001b[0m \u001b[1m\u001b[94m|\u001b[0m     if comm_result != 0 {\n    \u001b[1m\u001b[94m|\u001b[0m        \u001b[1m\u001b[94m-----------\u001b[0m    \u001b[1m\u001b[91m^\u001b[0m \u001b[1m\u001b[91mexpected `Result<[u8; 16], i64>`, found integer\u001b[0m\n    \u001b[1m\u001b[94m|\u001b[0m        \u001b[1m\u001b[94m|\u001b[0m\n    \u001b[1m\u001b[94m|\u001b[0m        \u001b[1m\u001b[94mexpected because this is `Result<[u8; 16], i64>`\u001b[0m\n    \u001b[1m\u001b[94m|\u001b[0m\n    \u001b[1m\u001b[94m= \u001b[0m\u001b[1mnote\u001b[0m: expected enum `\u001b[1m\u001b[35mResult<[u8; 16], i64>\u001b[0m`\n               found type `\u001b[1m\u001b[35m{integer}\u001b[0m`\n\u001b[1m\u001b[96mhelp\u001b[0m: try wrapping the expression in `core::prelude::v1::Err`\n    \u001b[1m\u001b[94m|\u001b[0m\n\u001b[1m\u001b[94m138\u001b[0m \u001b[1m\u001b[94m| \u001b[0m    if comm_result != \u001b[92mcore::prelude::v1::Err(\u001b[0m0\u001b[92m)\u001b[0m {\n    \u001b[1m\u001b[94m|\u001b[0m                       \u001b[92m+++++++++++++++++++++++\u001b[0m \u001b[92m+\u001b[0m\n\n"}
{"$message_type":"diagnostic","message":"aborting due to 17 previous errors; 1 warning emitted","code":null,"level":"error","spans":[],"children":[],"rendered":"\u001b[1m\u001b[91merror\u001b[0m\u001b[1m: aborting due to 17 previous errors; 1 warning emitted\u001b[0m\n\n"}
{"$message_type":"diagnostic","message":"Some errors have detailed explanations: E0061, E0308, E0432, E0599, E0609.","code":null,"level":"failure-note","spans":[],"children":[],"rendered":"\u001b[1mSome errors have detailed explanations: E0061, E0308, E0432, E0599, E0609.\u001b[0m\n"}
{"$message_type":"diagnostic","message":"For more information about an error, try `rustc --explain E0061`.","code":null,"level":"failure-note","spans":[],"children":[],"rendered":"\u001b[1mFor more information about an error, try `rustc --explain E0061`.\u001b[0m\n"}
