{"$message_type":"diagnostic","message":"cannot find function `bpf_get_current_uid_gid` in this scope","code":{"code":"E0425","explanation":"An unresolved name was used.\n\nErroneous code examples:\n\n```compile_fail,E0425\nsomething_that_doesnt_exist::foo;\n// error: unresolved name `something_that_doesnt_exist::foo`\n\n// or:\n\ntrait Foo {\n    fn bar() {\n        Self; // error: unresolved name `Self`\n    }\n}\n\n// or:\n\nlet x = unknown_variable;  // error: unresolved name `unknown_variable`\n```\n\nPlease verify that the name wasn't misspelled and ensure that the\nidentifier being referred to is valid for the given situation. Example:\n\n```\nenum something_that_does_exist {\n    Foo,\n}\n```\n\nOr:\n\n```\nmod something_that_does_exist {\n    pub static foo : i32 = 0i32;\n}\n\nsomething_that_does_exist::foo; // ok!\n```\n\nOr:\n\n```\nlet unknown_variable = 12u32;\nlet x = unknown_variable; // ok!\n```\n\nIf the item is not defined in the current module, it must be imported using a\n`use` statement, like so:\n\n```\n# mod foo { pub fn bar() {} }\n# fn main() {\nuse foo::bar;\nbar();\n# }\n```\n\nIf the item you are importing is not defined in some super-module of the\ncurrent module, then it must also be declared as public (e.g., `pub fn`).\n"},"level":"error","spans":[{"file_name":"src/process-monitor.rs","byte_start":1590,"byte_end":1613,"line_start":66,"line_end":66,"column_start":28,"column_end":51,"is_primary":true,"text":[{"text":"    let uid_gid = unsafe { bpf_get_current_uid_gid() };","highlight_start":28,"highlight_end":51}],"label":"not found in this scope","suggested_replacement":null,"suggestion_applicability":null,"expansion":null}],"children":[{"message":"consider importing one of these functions","code":null,"level":"help","spans":[{"file_name":"src/process-monitor.rs","byte_start":24,"byte_end":24,"line_start":4,"line_end":4,"column_start":1,"column_end":1,"is_primary":true,"text":[{"text":"use aya_ebpf::{","highlight_start":1,"highlight_end":1}],"label":null,"suggested_replacement":"use aya_ebpf::helpers::bpf_get_current_uid_gid;\n","suggestion_applicability":"MaybeIncorrect","expansion":null},{"file_name":"src/process-monitor.rs","byte_start":24,"byte_end":24,"line_start":4,"line_end":4,"column_start":1,"column_end":1,"is_primary":true,"text":[{"text":"use aya_ebpf::{","highlight_start":1,"highlight_end":1}],"label":null,"suggested_replacement":"use aya_ebpf::helpers::gen::bpf_get_current_uid_gid;\n","suggestion_applicability":"MaybeIncorrect","expansion":null}],"children":[],"rendered":null}],"rendered":"\u001b[1m\u001b[91merror[E0425]\u001b[0m\u001b[1m: cannot find function `bpf_get_current_uid_gid` in this scope\u001b[0m\n  \u001b[1m\u001b[94m--> \u001b[0msrc/process-monitor.rs:66:28\n   \u001b[1m\u001b[94m|\u001b[0m\n\u001b[1m\u001b[94m66\u001b[0m \u001b[1m\u001b[94m|\u001b[0m     let uid_gid = unsafe { bpf_get_current_uid_gid() };\n   \u001b[1m\u001b[94m|\u001b[0m                            \u001b[1m\u001b[91m^^^^^^^^^^^^^^^^^^^^^^^\u001b[0m \u001b[1m\u001b[91mnot found in this scope\u001b[0m\n   \u001b[1m\u001b[94m|\u001b[0m\n\u001b[1m\u001b[96mhelp\u001b[0m: consider importing one of these functions\n   \u001b[1m\u001b[94m|\u001b[0m\n \u001b[1m\u001b[94m4\u001b[0m \u001b[92m+ use aya_ebpf::helpers::bpf_get_current_uid_gid;\u001b[0m\n   \u001b[1m\u001b[94m|\u001b[0m\n \u001b[1m\u001b[94m4\u001b[0m \u001b[92m+ use aya_ebpf::helpers::gen::bpf_get_current_uid_gid;\u001b[0m\n   \u001b[1m\u001b[94m|\u001b[0m\n\n"}
{"$message_type":"diagnostic","message":"cannot find function `bpf_get_current_pid_tgid` in this scope","code":{"code":"E0425","explanation":"An unresolved name was used.\n\nErroneous code examples:\n\n```compile_fail,E0425\nsomething_that_doesnt_exist::foo;\n// error: unresolved name `something_that_doesnt_exist::foo`\n\n// or:\n\ntrait Foo {\n    fn bar() {\n        Self; // error: unresolved name `Self`\n    }\n}\n\n// or:\n\nlet x = unknown_variable;  // error: unresolved name `unknown_variable`\n```\n\nPlease verify that the name wasn't misspelled and ensure that the\nidentifier being referred to is valid for the given situation. Example:\n\n```\nenum something_that_does_exist {\n    Foo,\n}\n```\n\nOr:\n\n```\nmod something_that_does_exist {\n    pub static foo : i32 = 0i32;\n}\n\nsomething_that_does_exist::foo; // ok!\n```\n\nOr:\n\n```\nlet unknown_variable = 12u32;\nlet x = unknown_variable; // ok!\n```\n\nIf the item is not defined in the current module, it must be imported using a\n`use` statement, like so:\n\n```\n# mod foo { pub fn bar() {} }\n# fn main() {\nuse foo::bar;\nbar();\n# }\n```\n\nIf the item you are importing is not defined in some super-module of the\ncurrent module, then it must also be declared as public (e.g., `pub fn`).\n"},"level":"error","spans":[{"file_name":"src/process-monitor.rs","byte_start":1672,"byte_end":1696,"line_start":68,"line_end":68,"column_start":23,"column_end":47,"is_primary":true,"text":[{"text":"        pid: unsafe { bpf_get_current_pid_tgid() as u32 },","highlight_start":23,"highlight_end":47}],"label":"not found in this scope","suggested_replacement":null,"suggestion_applicability":null,"expansion":null}],"children":[{"message":"consider importing one of these functions","code":null,"level":"help","spans":[{"file_name":"src/process-monitor.rs","byte_start":24,"byte_end":24,"line_start":4,"line_end":4,"column_start":1,"column_end":1,"is_primary":true,"text":[{"text":"use aya_ebpf::{","highlight_start":1,"highlight_end":1}],"label":null,"suggested_replacement":"use aya_ebpf::helpers::bpf_get_current_pid_tgid;\n","suggestion_applicability":"MaybeIncorrect","expansion":null},{"file_name":"src/process-monitor.rs","byte_start":24,"byte_end":24,"line_start":4,"line_end":4,"column_start":1,"column_end":1,"is_primary":true,"text":[{"text":"use aya_ebpf::{","highlight_start":1,"highlight_end":1}],"label":null,"suggested_replacement":"use aya_ebpf::helpers::gen::bpf_get_current_pid_tgid;\n","suggestion_applicability":"MaybeIncorrect","expansion":null}],"children":[],"rendered":null}],"rendered":"\u001b[1m\u001b[91merror[E0425]\u001b[0m\u001b[1m: cannot find function `bpf_get_current_pid_tgid` in this scope\u001b[0m\n  \u001b[1m\u001b[94m--> \u001b[0msrc/process-monitor.rs:68:23\n   \u001b[1m\u001b[94m|\u001b[0m\n\u001b[1m\u001b[94m68\u001b[0m \u001b[1m\u001b[94m|\u001b[0m         pid: unsafe { bpf_get_current_pid_tgid() as u32 },\n   \u001b[1m\u001b[94m|\u001b[0m                       \u001b[1m\u001b[91m^^^^^^^^^^^^^^^^^^^^^^^^\u001b[0m \u001b[1m\u001b[91mnot found in this scope\u001b[0m\n   \u001b[1m\u001b[94m|\u001b[0m\n\u001b[1m\u001b[96mhelp\u001b[0m: consider importing one of these functions\n   \u001b[1m\u001b[94m|\u001b[0m\n \u001b[1m\u001b[94m4\u001b[0m \u001b[92m+ use aya_ebpf::helpers::bpf_get_current_pid_tgid;\u001b[0m\n   \u001b[1m\u001b[94m|\u001b[0m\n \u001b[1m\u001b[94m4\u001b[0m \u001b[92m+ use aya_ebpf::helpers::gen::bpf_get_current_pid_tgid;\u001b[0m\n   \u001b[1m\u001b[94m|\u001b[0m\n\n"}
{"$message_type":"diagnostic","message":"`#[panic_handler]` function required, but not found","code":null,"level":"error","spans":[],"children":[],"rendered":"\u001b[1m\u001b[91merror\u001b[0m\u001b[1m: `#[panic_handler]` function required, but not found\u001b[0m\n\n"}
{"$message_type":"diagnostic","message":"unwinding panics are not supported without std","code":null,"level":"error","spans":[],"children":[{"message":"using nightly cargo, use -Zbuild-std with panic=\"abort\" to avoid unwinding","code":null,"level":"help","spans":[],"children":[],"rendered":null},{"message":"since the core library is usually precompiled with panic=\"unwind\", rebuilding your crate with panic=\"abort\" may not be enough to fix the problem","code":null,"level":"note","spans":[],"children":[],"rendered":null}],"rendered":"\u001b[1m\u001b[91merror\u001b[0m\u001b[1m: unwinding panics are not supported without std\u001b[0m\n  \u001b[1m\u001b[94m|\u001b[0m\n  \u001b[1m\u001b[94m= \u001b[0m\u001b[1mhelp\u001b[0m: using nightly cargo, use -Zbuild-std with panic=\"abort\" to avoid unwinding\n  \u001b[1m\u001b[94m= \u001b[0m\u001b[1mnote\u001b[0m: since the core library is usually precompiled with panic=\"unwind\", rebuilding your crate with panic=\"abort\" may not be enough to fix the problem\n\n"}
{"$message_type":"diagnostic","message":"use of deprecated function `aya_ebpf::helpers::bpf_probe_read_user_str`: Use `bpf_probe_read_user_str_bytes` instead","code":{"code":"deprecated","explanation":null},"level":"warning","spans":[{"file_name":"src/process-monitor.rs","byte_start":53,"byte_end":76,"line_start":5,"line_end":5,"column_start":14,"column_end":37,"is_primary":true,"text":[{"text":"    helpers::bpf_probe_read_user_str,","highlight_start":14,"highlight_end":37}],"label":null,"suggested_replacement":null,"suggestion_applicability":null,"expansion":null}],"children":[{"message":"`#[warn(deprecated)]` on by default","code":null,"level":"note","spans":[],"children":[],"rendered":null}],"rendered":"\u001b[1m\u001b[33mwarning\u001b[0m\u001b[1m: use of deprecated function `aya_ebpf::helpers::bpf_probe_read_user_str`: Use `bpf_probe_read_user_str_bytes` instead\u001b[0m\n \u001b[1m\u001b[94m--> \u001b[0msrc/process-monitor.rs:5:14\n  \u001b[1m\u001b[94m|\u001b[0m\n\u001b[1m\u001b[94m5\u001b[0m \u001b[1m\u001b[94m|\u001b[0m     helpers::bpf_probe_read_user_str,\n  \u001b[1m\u001b[94m|\u001b[0m              \u001b[1m\u001b[33m^^^^^^^^^^^^^^^^^^^^^^^\u001b[0m\n  \u001b[1m\u001b[94m|\u001b[0m\n  \u001b[1m\u001b[94m= \u001b[0m\u001b[1mnote\u001b[0m: `#[warn(deprecated)]` on by default\n\n"}
{"$message_type":"diagnostic","message":"use of deprecated function `aya_ebpf::helpers::bpf_probe_read_user_str`: Use `bpf_probe_read_user_str_bytes` instead","code":{"code":"deprecated","explanation":null},"level":"warning","spans":[{"file_name":"src/process-monitor.rs","byte_start":1316,"byte_end":1339,"line_start":57,"line_end":57,"column_start":31,"column_end":54,"is_primary":true,"text":[{"text":"                let arg_len = bpf_probe_read_user_str(arg_ptr, &mut cmdline[i as usize]);","highlight_start":31,"highlight_end":54}],"label":null,"suggested_replacement":null,"suggestion_applicability":null,"expansion":null}],"children":[],"rendered":"\u001b[1m\u001b[33mwarning\u001b[0m\u001b[1m: use of deprecated function `aya_ebpf::helpers::bpf_probe_read_user_str`: Use `bpf_probe_read_user_str_bytes` instead\u001b[0m\n  \u001b[1m\u001b[94m--> \u001b[0msrc/process-monitor.rs:57:31\n   \u001b[1m\u001b[94m|\u001b[0m\n\u001b[1m\u001b[94m57\u001b[0m \u001b[1m\u001b[94m|\u001b[0m                 let arg_len = bpf_probe_read_user_str(arg_ptr, &mut cmdline[i as usize]);\n   \u001b[1m\u001b[94m|\u001b[0m                               \u001b[1m\u001b[33m^^^^^^^^^^^^^^^^^^^^^^^\u001b[0m\n\n"}
{"$message_type":"diagnostic","message":"no field `task` on type `TracePointContext`","code":{"code":"E0609","explanation":"Attempted to access a nonexistent field in a struct.\n\nErroneous code example:\n\n```compile_fail,E0609\nstruct StructWithFields {\n    x: u32,\n}\n\nlet s = StructWithFields { x: 0 };\nprintln!(\"{}\", s.foo); // error: no field `foo` on type `StructWithFields`\n```\n\nTo fix this error, check that you didn't misspell the field's name or that the\nfield actually exists. Example:\n\n```\nstruct StructWithFields {\n    x: u32,\n}\n\nlet s = StructWithFields { x: 0 };\nprintln!(\"{}\", s.x); // ok!\n```\n"},"level":"error","spans":[{"file_name":"src/process-monitor.rs","byte_start":1057,"byte_end":1061,"line_start":49,"line_end":49,"column_start":29,"column_end":33,"is_primary":true,"text":[{"text":"    let task = unsafe { ctx.task as *const task_struct };","highlight_start":29,"highlight_end":33}],"label":"unknown field","suggested_replacement":null,"suggestion_applicability":null,"expansion":null}],"children":[],"rendered":"\u001b[1m\u001b[91merror[E0609]\u001b[0m\u001b[1m: no field `task` on type `TracePointContext`\u001b[0m\n  \u001b[1m\u001b[94m--> \u001b[0msrc/process-monitor.rs:49:29\n   \u001b[1m\u001b[94m|\u001b[0m\n\u001b[1m\u001b[94m49\u001b[0m \u001b[1m\u001b[94m|\u001b[0m     let task = unsafe { ctx.task as *const task_struct };\n   \u001b[1m\u001b[94m|\u001b[0m                             \u001b[1m\u001b[91m^^^^\u001b[0m \u001b[1m\u001b[91munknown field\u001b[0m\n\n"}
{"$message_type":"diagnostic","message":"mismatched types","code":{"code":"E0308","explanation":"Expected type did not match the received type.\n\nErroneous code examples:\n\n```compile_fail,E0308\nfn plus_one(x: i32) -> i32 {\n    x + 1\n}\n\nplus_one(\"Not a number\");\n//       ^^^^^^^^^^^^^^ expected `i32`, found `&str`\n\nif \"Not a bool\" {\n// ^^^^^^^^^^^^ expected `bool`, found `&str`\n}\n\nlet x: f32 = \"Not a float\";\n//     ---   ^^^^^^^^^^^^^ expected `f32`, found `&str`\n//     |\n//     expected due to this\n```\n\nThis error occurs when an expression was used in a place where the compiler\nexpected an expression of a different type. It can occur in several cases, the\nmost common being when calling a function and passing an argument which has a\ndifferent type than the matching type in the function declaration.\n"},"level":"error","spans":[{"file_name":"src/process-monitor.rs","byte_start":1349,"byte_end":1373,"line_start":57,"line_end":57,"column_start":64,"column_end":88,"is_primary":true,"text":[{"text":"                let arg_len = bpf_probe_read_user_str(arg_ptr, &mut cmdline[i as usize]);","highlight_start":64,"highlight_end":88}],"label":"expected `&mut [u8]`, found `&mut u8`","suggested_replacement":null,"suggestion_applicability":null,"expansion":null},{"file_name":"src/process-monitor.rs","byte_start":1316,"byte_end":1339,"line_start":57,"line_end":57,"column_start":31,"column_end":54,"is_primary":false,"text":[{"text":"                let arg_len = bpf_probe_read_user_str(arg_ptr, &mut cmdline[i as usize]);","highlight_start":31,"highlight_end":54}],"label":"arguments to this function are incorrect","suggested_replacement":null,"suggestion_applicability":null,"expansion":null}],"children":[{"message":"expected mutable reference `&mut [u8]`\n   found mutable reference `&mut u8`","code":null,"level":"note","spans":[],"children":[],"rendered":null},{"message":"function defined here","code":null,"level":"note","spans":[{"file_name":"/home/shift/.cargo/registry/src/index.crates.io-1949cf8c6b5b557f/aya-ebpf-0.1.1/src/helpers.rs","byte_start":9010,"byte_end":9033,"line_start":307,"line_end":307,"column_start":15,"column_end":38,"is_primary":true,"text":[{"text":"pub unsafe fn bpf_probe_read_user_str(src: *const u8, dest: &mut [u8]) -> Result<usize, c_long> {","highlight_start":15,"highlight_end":38}],"label":null,"suggested_replacement":null,"suggestion_applicability":null,"expansion":null}],"children":[],"rendered":null}],"rendered":"\u001b[1m\u001b[91merror[E0308]\u001b[0m\u001b[1m: mismatched types\u001b[0m\n   \u001b[1m\u001b[94m--> \u001b[0msrc/process-monitor.rs:57:64\n    \u001b[1m\u001b[94m|\u001b[0m\n \u001b[1m\u001b[94m57\u001b[0m \u001b[1m\u001b[94m|\u001b[0m                 let arg_len = bpf_probe_read_user_str(arg_ptr, &mut cmdline[i as usize]);\n    \u001b[1m\u001b[94m|\u001b[0m                               \u001b[1m\u001b[94m-----------------------\u001b[0m          \u001b[1m\u001b[91m^^^^^^^^^^^^^^^^^^^^^^^^\u001b[0m \u001b[1m\u001b[91mexpected `&mut [u8]`, found `&mut u8`\u001b[0m\n    \u001b[1m\u001b[94m|\u001b[0m                               \u001b[1m\u001b[94m|\u001b[0m\n    \u001b[1m\u001b[94m|\u001b[0m                               \u001b[1m\u001b[94marguments to this function are incorrect\u001b[0m\n    \u001b[1m\u001b[94m|\u001b[0m\n    \u001b[1m\u001b[94m= \u001b[0m\u001b[1mnote\u001b[0m: expected mutable reference `&mut \u001b[1m\u001b[35m[u8]\u001b[0m`\n               found mutable reference `&mut \u001b[1m\u001b[35mu8\u001b[0m`\n\u001b[1m\u001b[92mnote\u001b[0m: function defined here\n   \u001b[1m\u001b[94m--> \u001b[0m/home/shift/.cargo/registry/src/index.crates.io-1949cf8c6b5b557f/aya-ebpf-0.1.1/src/helpers.rs:307:15\n    \u001b[1m\u001b[94m|\u001b[0m\n\u001b[1m\u001b[94m307\u001b[0m \u001b[1m\u001b[94m|\u001b[0m pub unsafe fn bpf_probe_read_user_str(src: *const u8, dest: &mut [u8]) -> Result<usize, c_long> {\n    \u001b[1m\u001b[94m|\u001b[0m               \u001b[1m\u001b[92m^^^^^^^^^^^^^^^^^^^^^^^\u001b[0m\n\n"}
{"$message_type":"diagnostic","message":"mismatched types","code":{"code":"E0308","explanation":"Expected type did not match the received type.\n\nErroneous code examples:\n\n```compile_fail,E0308\nfn plus_one(x: i32) -> i32 {\n    x + 1\n}\n\nplus_one(\"Not a number\");\n//       ^^^^^^^^^^^^^^ expected `i32`, found `&str`\n\nif \"Not a bool\" {\n// ^^^^^^^^^^^^ expected `bool`, found `&str`\n}\n\nlet x: f32 = \"Not a float\";\n//     ---   ^^^^^^^^^^^^^ expected `f32`, found `&str`\n//     |\n//     expected due to this\n```\n\nThis error occurs when an expression was used in a place where the compiler\nexpected an expression of a different type. It can occur in several cases, the\nmost common being when calling a function and passing an argument which has a\ndifferent type than the matching type in the function declaration.\n"},"level":"error","spans":[{"file_name":"src/process-monitor.rs","byte_start":1405,"byte_end":1406,"line_start":58,"line_end":58,"column_start":30,"column_end":31,"is_primary":true,"text":[{"text":"                if arg_len > 0 && i + arg_len < 511 {","highlight_start":30,"highlight_end":31}],"label":"expected `Result<usize, i64>`, found integer","suggested_replacement":null,"suggestion_applicability":null,"expansion":null},{"file_name":"src/process-monitor.rs","byte_start":1395,"byte_end":1402,"line_start":58,"line_end":58,"column_start":20,"column_end":27,"is_primary":false,"text":[{"text":"                if arg_len > 0 && i + arg_len < 511 {","highlight_start":20,"highlight_end":27}],"label":"expected because this is `Result<usize, i64>`","suggested_replacement":null,"suggestion_applicability":null,"expansion":null}],"children":[{"message":"expected enum `Result<usize, i64>`\n   found type `{integer}`","code":null,"level":"note","spans":[],"children":[],"rendered":null},{"message":"try wrapping the expression in a variant of `Result`","code":null,"level":"help","spans":[{"file_name":"src/process-monitor.rs","byte_start":1405,"byte_end":1405,"line_start":58,"line_end":58,"column_start":30,"column_end":30,"is_primary":true,"text":[{"text":"                if arg_len > 0 && i + arg_len < 511 {","highlight_start":30,"highlight_end":30}],"label":null,"suggested_replacement":"core::prelude::v1::Ok(","suggestion_applicability":"MaybeIncorrect","expansion":null},{"file_name":"src/process-monitor.rs","byte_start":1406,"byte_end":1406,"line_start":58,"line_end":58,"column_start":31,"column_end":31,"is_primary":true,"text":[{"text":"                if arg_len > 0 && i + arg_len < 511 {","highlight_start":31,"highlight_end":31}],"label":null,"suggested_replacement":")","suggestion_applicability":"MaybeIncorrect","expansion":null},{"file_name":"src/process-monitor.rs","byte_start":1405,"byte_end":1405,"line_start":58,"line_end":58,"column_start":30,"column_end":30,"is_primary":true,"text":[{"text":"                if arg_len > 0 && i + arg_len < 511 {","highlight_start":30,"highlight_end":30}],"label":null,"suggested_replacement":"core::prelude::v1::Err(","suggestion_applicability":"MaybeIncorrect","expansion":null},{"file_name":"src/process-monitor.rs","byte_start":1406,"byte_end":1406,"line_start":58,"line_end":58,"column_start":31,"column_end":31,"is_primary":true,"text":[{"text":"                if arg_len > 0 && i + arg_len < 511 {","highlight_start":31,"highlight_end":31}],"label":null,"suggested_replacement":")","suggestion_applicability":"MaybeIncorrect","expansion":null}],"children":[],"rendered":null}],"rendered":"\u001b[1m\u001b[91merror[E0308]\u001b[0m\u001b[1m: mismatched types\u001b[0m\n  \u001b[1m\u001b[94m--> \u001b[0msrc/process-monitor.rs:58:30\n   \u001b[1m\u001b[94m|\u001b[0m\n\u001b[1m\u001b[94m58\u001b[0m \u001b[1m\u001b[94m|\u001b[0m                 if arg_len > 0 && i + arg_len < 511 {\n   \u001b[1m\u001b[94m|\u001b[0m                    \u001b[1m\u001b[94m-------\u001b[0m   \u001b[1m\u001b[91m^\u001b[0m \u001b[1m\u001b[91mexpected `Result<usize, i64>`, found integer\u001b[0m\n   \u001b[1m\u001b[94m|\u001b[0m                    \u001b[1m\u001b[94m|\u001b[0m\n   \u001b[1m\u001b[94m|\u001b[0m                    \u001b[1m\u001b[94mexpected because this is `Result<usize, i64>`\u001b[0m\n   \u001b[1m\u001b[94m|\u001b[0m\n   \u001b[1m\u001b[94m= \u001b[0m\u001b[1mnote\u001b[0m: expected enum `\u001b[1m\u001b[35mResult<usize, i64>\u001b[0m`\n              found type `\u001b[1m\u001b[35m{integer}\u001b[0m`\n\u001b[1m\u001b[96mhelp\u001b[0m: try wrapping the expression in a variant of `Result`\n   \u001b[1m\u001b[94m|\u001b[0m\n\u001b[1m\u001b[94m58\u001b[0m \u001b[1m\u001b[94m| \u001b[0m                if arg_len > \u001b[92mcore::prelude::v1::Ok(\u001b[0m0\u001b[92m)\u001b[0m && i + arg_len < 511 {\n   \u001b[1m\u001b[94m|\u001b[0m                              \u001b[92m++++++++++++++++++++++\u001b[0m \u001b[92m+\u001b[0m\n\u001b[1m\u001b[94m58\u001b[0m \u001b[1m\u001b[94m| \u001b[0m                if arg_len > \u001b[92mcore::prelude::v1::Err(\u001b[0m0\u001b[92m)\u001b[0m && i + arg_len < 511 {\n   \u001b[1m\u001b[94m|\u001b[0m                              \u001b[92m+++++++++++++++++++++++\u001b[0m \u001b[92m+\u001b[0m\n\n"}
{"$message_type":"diagnostic","message":"cannot add `Result<usize, i64>` to `{integer}`","code":{"code":"E0277","explanation":"You tried to use a type which doesn't implement some trait in a place which\nexpected that trait.\n\nErroneous code example:\n\n```compile_fail,E0277\n// here we declare the Foo trait with a bar method\ntrait Foo {\n    fn bar(&self);\n}\n\n// we now declare a function which takes an object implementing the Foo trait\nfn some_func<T: Foo>(foo: T) {\n    foo.bar();\n}\n\nfn main() {\n    // we now call the method with the i32 type, which doesn't implement\n    // the Foo trait\n    some_func(5i32); // error: the trait bound `i32 : Foo` is not satisfied\n}\n```\n\nIn order to fix this error, verify that the type you're using does implement\nthe trait. Example:\n\n```\ntrait Foo {\n    fn bar(&self);\n}\n\n// we implement the trait on the i32 type\nimpl Foo for i32 {\n    fn bar(&self) {}\n}\n\nfn some_func<T: Foo>(foo: T) {\n    foo.bar(); // we can now use this method since i32 implements the\n               // Foo trait\n}\n\nfn main() {\n    some_func(5i32); // ok!\n}\n```\n\nOr in a generic context, an erroneous code example would look like:\n\n```compile_fail,E0277\nfn some_func<T>(foo: T) {\n    println!(\"{:?}\", foo); // error: the trait `core::fmt::Debug` is not\n                           //        implemented for the type `T`\n}\n\nfn main() {\n    // We now call the method with the i32 type,\n    // which *does* implement the Debug trait.\n    some_func(5i32);\n}\n```\n\nNote that the error here is in the definition of the generic function. Although\nwe only call it with a parameter that does implement `Debug`, the compiler\nstill rejects the function. It must work with all possible input types. In\norder to make this example compile, we need to restrict the generic type we're\naccepting:\n\n```\nuse std::fmt;\n\n// Restrict the input type to types that implement Debug.\nfn some_func<T: fmt::Debug>(foo: T) {\n    println!(\"{:?}\", foo);\n}\n\nfn main() {\n    // Calling the method is still fine, as i32 implements Debug.\n    some_func(5i32);\n\n    // This would fail to compile now:\n    // struct WithoutDebug;\n    // some_func(WithoutDebug);\n}\n```\n\nRust only looks at the signature of the called function, as such it must\nalready specify all requirements that will be used for every type parameter.\n"},"level":"error","spans":[{"file_name":"src/process-monitor.rs","byte_start":1412,"byte_end":1413,"line_start":58,"line_end":58,"column_start":37,"column_end":38,"is_primary":true,"text":[{"text":"                if arg_len > 0 && i + arg_len < 511 {","highlight_start":37,"highlight_end":38}],"label":"no implementation for `{integer} + Result<usize, i64>`","suggested_replacement":null,"suggestion_applicability":null,"expansion":null}],"children":[{"message":"the trait `Add<Result<usize, i64>>` is not implemented for `{integer}`","code":null,"level":"help","spans":[],"children":[],"rendered":null},{"message":"the following other types implement trait `Add<Rhs>`:\n  `&f128` implements `Add<f128>`\n  `&f128` implements `Add`\n  `&f16` implements `Add<f16>`\n  `&f16` implements `Add`\n  `&f32` implements `Add<f32>`\n  `&f32` implements `Add`\n  `&f64` implements `Add<f64>`\n  `&f64` implements `Add`\nand 56 others","code":null,"level":"help","spans":[],"children":[],"rendered":null}],"rendered":"\u001b[1m\u001b[91merror[E0277]\u001b[0m\u001b[1m: cannot add `Result<usize, i64>` to `{integer}`\u001b[0m\n  \u001b[1m\u001b[94m--> \u001b[0msrc/process-monitor.rs:58:37\n   \u001b[1m\u001b[94m|\u001b[0m\n\u001b[1m\u001b[94m58\u001b[0m \u001b[1m\u001b[94m|\u001b[0m                 if arg_len > 0 && i + arg_len < 511 {\n   \u001b[1m\u001b[94m|\u001b[0m                                     \u001b[1m\u001b[91m^\u001b[0m \u001b[1m\u001b[91mno implementation for `{integer} + Result<usize, i64>`\u001b[0m\n   \u001b[1m\u001b[94m|\u001b[0m\n   \u001b[1m\u001b[94m= \u001b[0m\u001b[1mhelp\u001b[0m: the trait `Add<Result<usize, i64>>` is not implemented for `{integer}`\n   \u001b[1m\u001b[94m= \u001b[0m\u001b[1mhelp\u001b[0m: the following other types implement trait `Add<Rhs>`:\n             `&f128` implements `Add<f128>`\n             `&f128` implements `Add`\n             `&f16` implements `Add<f16>`\n             `&f16` implements `Add`\n             `&f32` implements `Add<f32>`\n             `&f32` implements `Add`\n             `&f64` implements `Add<f64>`\n             `&f64` implements `Add`\n           and 56 others\n\n"}
{"$message_type":"diagnostic","message":"cannot add `{integer}` to `Result<usize, i64>`","code":{"code":"E0369","explanation":"A binary operation was attempted on a type which doesn't support it.\n\nErroneous code example:\n\n```compile_fail,E0369\nlet x = 12f32; // error: binary operation `<<` cannot be applied to\n               //        type `f32`\n\nx << 2;\n```\n\nTo fix this error, please check that this type implements this binary\noperation. Example:\n\n```\nlet x = 12u32; // the `u32` type does implement it:\n               // https://doc.rust-lang.org/stable/std/ops/trait.Shl.html\n\nx << 2; // ok!\n```\n\nIt is also possible to overload most operators for your own type by\nimplementing traits from `std::ops`.\n\nString concatenation appends the string on the right to the string on the\nleft and may require reallocation. This requires ownership of the string\non the left. If something should be added to a string literal, move the\nliteral to the heap by allocating it with `to_owned()` like in\n`\"Your text\".to_owned()`.\n"},"level":"error","spans":[{"file_name":"src/process-monitor.rs","byte_start":1455,"byte_end":1462,"line_start":59,"line_end":59,"column_start":26,"column_end":33,"is_primary":false,"text":[{"text":"                    i += arg_len + 1; // +1 for null terminator","highlight_start":26,"highlight_end":33}],"label":"Result<usize, i64>","suggested_replacement":null,"suggestion_applicability":null,"expansion":null},{"file_name":"src/process-monitor.rs","byte_start":1465,"byte_end":1466,"line_start":59,"line_end":59,"column_start":36,"column_end":37,"is_primary":false,"text":[{"text":"                    i += arg_len + 1; // +1 for null terminator","highlight_start":36,"highlight_end":37}],"label":"{integer}","suggested_replacement":null,"suggestion_applicability":null,"expansion":null},{"file_name":"src/process-monitor.rs","byte_start":1463,"byte_end":1464,"line_start":59,"line_end":59,"column_start":34,"column_end":35,"is_primary":true,"text":[{"text":"                    i += arg_len + 1; // +1 for null terminator","highlight_start":34,"highlight_end":35}],"label":null,"suggested_replacement":null,"suggestion_applicability":null,"expansion":null}],"children":[{"message":"the foreign item type `Result<usize, i64>` doesn't implement `Add<{integer}>`","code":null,"level":"note","spans":[{"file_name":"/nix/store/8d9zh2i619ky3r6n58zdc3a6lnb6vqbc-rust-default-1.92.0/lib/rustlib/src/rust/library/core/src/result.rs","byte_start":21221,"byte_end":21242,"line_start":557,"line_end":557,"column_start":1,"column_end":22,"is_primary":true,"text":[{"text":"pub enum Result<T, E> {","highlight_start":1,"highlight_end":22}],"label":"not implement `Add<{integer}>`","suggested_replacement":null,"suggestion_applicability":null,"expansion":null}],"children":[],"rendered":null}],"rendered":"\u001b[1m\u001b[91merror[E0369]\u001b[0m\u001b[1m: cannot add `{integer}` to `Result<usize, i64>`\u001b[0m\n   \u001b[1m\u001b[94m--> \u001b[0msrc/process-monitor.rs:59:34\n    \u001b[1m\u001b[94m|\u001b[0m\n \u001b[1m\u001b[94m59\u001b[0m \u001b[1m\u001b[94m|\u001b[0m                     i += arg_len + 1; // +1 for null terminator\n    \u001b[1m\u001b[94m|\u001b[0m                          \u001b[1m\u001b[94m-------\u001b[0m \u001b[1m\u001b[91m^\u001b[0m \u001b[1m\u001b[94m-\u001b[0m \u001b[1m\u001b[94m{integer}\u001b[0m\n    \u001b[1m\u001b[94m|\u001b[0m                          \u001b[1m\u001b[94m|\u001b[0m\n    \u001b[1m\u001b[94m|\u001b[0m                          \u001b[1m\u001b[94mResult<usize, i64>\u001b[0m\n    \u001b[1m\u001b[94m|\u001b[0m\n\u001b[1m\u001b[92mnote\u001b[0m: the foreign item type `Result<usize, i64>` doesn't implement `Add<{integer}>`\n   \u001b[1m\u001b[94m--> \u001b[0m/nix/store/8d9zh2i619ky3r6n58zdc3a6lnb6vqbc-rust-default-1.92.0/lib/rustlib/src/rust/library/core/src/result.rs:557:1\n    \u001b[1m\u001b[94m|\u001b[0m\n\u001b[1m\u001b[94m557\u001b[0m \u001b[1m\u001b[94m|\u001b[0m pub enum Result<T, E> {\n    \u001b[1m\u001b[94m|\u001b[0m \u001b[1m\u001b[92m^^^^^^^^^^^^^^^^^^^^^\u001b[0m \u001b[1m\u001b[92mnot implement `Add<{integer}>`\u001b[0m\n\n"}
{"$message_type":"diagnostic","message":"missing field `cmdline` in initializer of `ProcessEvent`","code":{"code":"E0063","explanation":"A struct's or struct-like enum variant's field was not provided.\n\nErroneous code example:\n\n```compile_fail,E0063\nstruct Foo {\n    x: i32,\n    y: i32,\n}\n\nfn main() {\n    let x = Foo { x: 0 }; // error: missing field: `y`\n}\n```\n\nEach field should be specified exactly once. Example:\n\n```\nstruct Foo {\n    x: i32,\n    y: i32,\n}\n\nfn main() {\n    let x = Foo { x: 0, y: 0 }; // ok!\n}\n```\n"},"level":"error","spans":[{"file_name":"src/process-monitor.rs","byte_start":2131,"byte_end":2143,"line_start":87,"line_end":87,"column_start":17,"column_end":29,"is_primary":true,"text":[{"text":"    let event = ProcessEvent {","highlight_start":17,"highlight_end":29}],"label":"missing `cmdline`","suggested_replacement":null,"suggestion_applicability":null,"expansion":null}],"children":[],"rendered":"\u001b[1m\u001b[91merror[E0063]\u001b[0m\u001b[1m: missing field `cmdline` in initializer of `ProcessEvent`\u001b[0m\n  \u001b[1m\u001b[94m--> \u001b[0msrc/process-monitor.rs:87:17\n   \u001b[1m\u001b[94m|\u001b[0m\n\u001b[1m\u001b[94m87\u001b[0m \u001b[1m\u001b[94m|\u001b[0m     let event = ProcessEvent {\n   \u001b[1m\u001b[94m|\u001b[0m                 \u001b[1m\u001b[91m^^^^^^^^^^^^\u001b[0m \u001b[1m\u001b[91mmissing `cmdline`\u001b[0m\n\n"}
{"$message_type":"diagnostic","message":"aborting due to 10 previous errors; 2 warnings emitted","code":null,"level":"error","spans":[],"children":[],"rendered":"\u001b[1m\u001b[91merror\u001b[0m\u001b[1m: aborting due to 10 previous errors; 2 warnings emitted\u001b[0m\n\n"}
{"$message_type":"diagnostic","message":"Some errors have detailed explanations: E0063, E0277, E0308, E0369, E0425, E0609.","code":null,"level":"failure-note","spans":[],"children":[],"rendered":"\u001b[1mSome errors have detailed explanations: E0063, E0277, E0308, E0369, E0425, E0609.\u001b[0m\n"}
{"$message_type":"diagnostic","message":"For more information about an error, try `rustc --explain E0063`.","code":null,"level":"failure-note","spans":[],"children":[],"rendered":"\u001b[1mFor more information about an error, try `rustc --explain E0063`.\u001b[0m\n"}
